

*******************************************************************************
Mon Oct 21 21:06:57 2013


FIT:    data read from 'dataSet1'
        format = z
        #datapoints = 4
        residuals are weighted equally (unit weight)

function used for fitting: my_linear_fit(x)
fitted parameters initialized with current variable values



 Iteration 0
 WSSR        : 9350              delta(WSSR)/WSSR   : 0
 delta(WSSR) : 0                 limit for stopping : 1e-05
 lambda	  : 33.5

initial set of free parameter values

a               = 1
b               = 1

After 7 iterations the fit converged.
final sum of squares of residuals : 3.30468e-43
abs. change during last iteration : -5.50186e-27


Hmmmm.... Sum of squared residuals is zero. Can't compute errors.

Final set of parameters 
======================= 

a               = -3.13052e-23   
b               = 1.51038e-21    


*******************************************************************************
Mon Oct 21 21:09:20 2013


FIT:    data read from 'dataSet1'
        format = z
        #datapoints = 4
        residuals are weighted equally (unit weight)

function used for fitting: f(x)
fitted parameters initialized with current variable values



 Iteration 0
 WSSR        : 9350              delta(WSSR)/WSSR   : 0
 delta(WSSR) : 0                 limit for stopping : 1e-05
 lambda	  : 33.5

initial set of free parameter values

a               = 1
b               = 1

After 7 iterations the fit converged.
final sum of squares of residuals : 3.30468e-43
abs. change during last iteration : -5.50186e-27


Hmmmm.... Sum of squared residuals is zero. Can't compute errors.

Final set of parameters 
======================= 

a               = -3.13052e-23   
b               = 1.51038e-21    


*******************************************************************************
Mon Oct 21 21:09:22 2013


FIT:    data read from 'dataSet1'
        format = z
        #datapoints = 4
        residuals are weighted equally (unit weight)

function used for fitting: f(x)
fitted parameters initialized with current variable values



 Iteration 0
 WSSR        : 9350              delta(WSSR)/WSSR   : 0
 delta(WSSR) : 0                 limit for stopping : 1e-05
 lambda	  : 33.5

initial set of free parameter values

a               = 1
b               = 1

After 7 iterations the fit converged.
final sum of squares of residuals : 3.30468e-43
abs. change during last iteration : -5.50186e-27


Hmmmm.... Sum of squared residuals is zero. Can't compute errors.

Final set of parameters 
======================= 

a               = -3.13052e-23   
b               = 1.51038e-21    


*******************************************************************************
Mon Oct 21 21:09:25 2013


FIT:    data read from 'dataSet1'
        format = z
        #datapoints = 4
        residuals are weighted equally (unit weight)

function used for fitting: f(x)
fitted parameters initialized with current variable values



 Iteration 0
 WSSR        : 9350              delta(WSSR)/WSSR   : 0
 delta(WSSR) : 0                 limit for stopping : 1e-05
 lambda	  : 33.5

initial set of free parameter values

a               = 1
b               = 1

After 7 iterations the fit converged.
final sum of squares of residuals : 3.30468e-43
abs. change during last iteration : -5.50186e-27


Hmmmm.... Sum of squared residuals is zero. Can't compute errors.

Final set of parameters 
======================= 

a               = -3.13052e-23   
b               = 1.51038e-21    


*******************************************************************************
Mon Oct 21 21:12:10 2013


FIT:    data read from 'dataSet1'
        format = z
        #datapoints = 4
        residuals are weighted equally (unit weight)

function used for fitting: f(x)
fitted parameters initialized with current variable values



 Iteration 0
 WSSR        : 9350              delta(WSSR)/WSSR   : 0
 delta(WSSR) : 0                 limit for stopping : 1e-05
 lambda	  : 33.5

initial set of free parameter values

a               = 1
b               = 1

After 7 iterations the fit converged.
final sum of squares of residuals : 3.30468e-43
abs. change during last iteration : -5.50186e-27


Hmmmm.... Sum of squared residuals is zero. Can't compute errors.

Final set of parameters 
======================= 

a               = -3.13052e-23   
b               = 1.51038e-21    


*******************************************************************************
Mon Oct 21 21:12:46 2013


FIT:    data read from 'dataSet1'
        format = z
        #datapoints = 4
        residuals are weighted equally (unit weight)

function used for fitting: f(x)
fitted parameters initialized with current variable values



 Iteration 0
 WSSR        : 9350              delta(WSSR)/WSSR   : 0
 delta(WSSR) : 0                 limit for stopping : 1e-05
 lambda	  : 33.5

initial set of free parameter values

a               = 1
b               = 1

After 7 iterations the fit converged.
final sum of squares of residuals : 3.30468e-43
abs. change during last iteration : -5.50186e-27


Hmmmm.... Sum of squared residuals is zero. Can't compute errors.

Final set of parameters 
======================= 

a               = -3.13052e-23   
b               = 1.51038e-21    


*******************************************************************************
Mon Oct 21 21:13:26 2013


FIT:    data read from 'dataSet1'
        format = z
        #datapoints = 4
        residuals are weighted equally (unit weight)

function used for fitting: f(x)
fitted parameters initialized with current variable values



 Iteration 0
 WSSR        : 9350              delta(WSSR)/WSSR   : 0
 delta(WSSR) : 0                 limit for stopping : 1e-05
 lambda	  : 33.5

initial set of free parameter values

a               = 1
b               = 1

After 7 iterations the fit converged.
final sum of squares of residuals : 3.30468e-43
abs. change during last iteration : -5.50186e-27


Hmmmm.... Sum of squared residuals is zero. Can't compute errors.

Final set of parameters 
======================= 

a               = -3.13052e-23   
b               = 1.51038e-21    


*******************************************************************************
Mon Oct 21 21:14:21 2013


FIT:    data read from 'dataSet1'
        format = z
        #datapoints = 4
        residuals are weighted equally (unit weight)

function used for fitting: f(x)
fitted parameters initialized with current variable values



 Iteration 0
 WSSR        : 9350              delta(WSSR)/WSSR   : 0
 delta(WSSR) : 0                 limit for stopping : 1e-05
 lambda	  : 33.5

initial set of free parameter values

a               = 1
b               = 1

After 7 iterations the fit converged.
final sum of squares of residuals : 3.30468e-43
abs. change during last iteration : -5.50186e-27


Hmmmm.... Sum of squared residuals is zero. Can't compute errors.

Final set of parameters 
======================= 

a               = -3.13052e-23   
b               = 1.51038e-21    


*******************************************************************************
Mon Oct 21 21:14:32 2013


FIT:    data read from 'dataSet1'
        format = z
        #datapoints = 4
        residuals are weighted equally (unit weight)

function used for fitting: f(x)
fitted parameters initialized with current variable values



 Iteration 0
 WSSR        : 9350              delta(WSSR)/WSSR   : 0
 delta(WSSR) : 0                 limit for stopping : 1e-05
 lambda	  : 33.5

initial set of free parameter values

a               = 1
b               = 1

After 7 iterations the fit converged.
final sum of squares of residuals : 3.30468e-43
abs. change during last iteration : -5.50186e-27


Hmmmm.... Sum of squared residuals is zero. Can't compute errors.

Final set of parameters 
======================= 

a               = -3.13052e-23   
b               = 1.51038e-21    


*******************************************************************************
Mon Oct 21 21:18:18 2013


FIT:    data read from 'dataSet1'
        format = z
        #datapoints = 4
        residuals are weighted equally (unit weight)

function used for fitting: f(x)
fitted parameters initialized with current variable values



 Iteration 0
 WSSR        : 9350              delta(WSSR)/WSSR   : 0
 delta(WSSR) : 0                 limit for stopping : 1e-05
 lambda	  : 33.5

initial set of free parameter values

a               = 1
b               = 1

After 7 iterations the fit converged.
final sum of squares of residuals : 3.30468e-43
abs. change during last iteration : -5.50186e-27


Hmmmm.... Sum of squared residuals is zero. Can't compute errors.

Final set of parameters 
======================= 

a               = -3.13052e-23   
b               = 1.51038e-21    


*******************************************************************************
Mon Oct 21 21:18:41 2013


FIT:    data read from 'dataSet1'
        format = z
        #datapoints = 4
        residuals are weighted equally (unit weight)

function used for fitting: f(x)
fitted parameters initialized with current variable values



 Iteration 0
 WSSR        : 9350              delta(WSSR)/WSSR   : 0
 delta(WSSR) : 0                 limit for stopping : 1e-05
 lambda	  : 33.5

initial set of free parameter values

a               = 1
b               = 1

After 7 iterations the fit converged.
final sum of squares of residuals : 3.30468e-43
abs. change during last iteration : -5.50186e-27


Hmmmm.... Sum of squared residuals is zero. Can't compute errors.

Final set of parameters 
======================= 

a               = -3.13052e-23   
b               = 1.51038e-21    


*******************************************************************************
Mon Oct 21 21:19:33 2013


FIT:    data read from 'dataSet1' using 1:2
        format = x:z
        #datapoints = 4
        residuals are weighted equally (unit weight)

function used for fitting: f(x)
fitted parameters initialized with current variable values



 Iteration 0
 WSSR        : 9350              delta(WSSR)/WSSR   : 0
 delta(WSSR) : 0                 limit for stopping : 1e-05
 lambda	  : 33.5

initial set of free parameter values

a               = 1
b               = 1

After 7 iterations the fit converged.
final sum of squares of residuals : 3.30468e-43
abs. change during last iteration : -5.50186e-27


Hmmmm.... Sum of squared residuals is zero. Can't compute errors.

Final set of parameters 
======================= 

a               = -3.13052e-23   
b               = 1.51038e-21    


*******************************************************************************
Mon Oct 21 21:20:34 2013


FIT:    data read from 'dataSet1' using 1:2
        format = x:z
        #datapoints = 4
        residuals are weighted equally (unit weight)

function used for fitting: f(x)
fitted parameters initialized with current variable values



 Iteration 0
 WSSR        : 9350              delta(WSSR)/WSSR   : 0
 delta(WSSR) : 0                 limit for stopping : 1e-05
 lambda	  : 33.5

initial set of free parameter values

a               = 1
b               = 1

After 7 iterations the fit converged.
final sum of squares of residuals : 3.30468e-43
abs. change during last iteration : -5.50186e-27


Hmmmm.... Sum of squared residuals is zero. Can't compute errors.

Final set of parameters 
======================= 

a               = -3.13052e-23   
b               = 1.51038e-21    


*******************************************************************************
Mon Oct 21 21:21:00 2013


FIT:    data read from 'dataSet1' using 1:2
        format = x:z
        #datapoints = 4
        residuals are weighted equally (unit weight)

function used for fitting: f(x)
fitted parameters initialized with current variable values



 Iteration 0
 WSSR        : 9350              delta(WSSR)/WSSR   : 0
 delta(WSSR) : 0                 limit for stopping : 1e-05
 lambda	  : 33.5

initial set of free parameter values

a               = 1
b               = 1

After 7 iterations the fit converged.
final sum of squares of residuals : 3.30468e-43
abs. change during last iteration : -5.50186e-27


Hmmmm.... Sum of squared residuals is zero. Can't compute errors.

Final set of parameters 
======================= 

a               = -3.13052e-23   
b               = 1.51038e-21    


*******************************************************************************
Mon Oct 21 21:21:05 2013


FIT:    data read from 'dataSet1' using 1:2
        format = x:z
        #datapoints = 4
        residuals are weighted equally (unit weight)

function used for fitting: f(x)
fitted parameters initialized with current variable values



 Iteration 0
 WSSR        : 9350              delta(WSSR)/WSSR   : 0
 delta(WSSR) : 0                 limit for stopping : 1e-05
 lambda	  : 33.5

initial set of free parameter values

a               = 1
b               = 1

After 7 iterations the fit converged.
final sum of squares of residuals : 3.30468e-43
abs. change during last iteration : -5.50186e-27


Hmmmm.... Sum of squared residuals is zero. Can't compute errors.

Final set of parameters 
======================= 

a               = -3.13052e-23   
b               = 1.51038e-21    


*******************************************************************************
Mon Oct 21 21:21:19 2013


FIT:    data read from 'dataSet1' using 1:2
        format = x:z
        #datapoints = 4
        residuals are weighted equally (unit weight)

function used for fitting: f(x)
fitted parameters initialized with current variable values



 Iteration 0
 WSSR        : 9350              delta(WSSR)/WSSR   : 0
 delta(WSSR) : 0                 limit for stopping : 1e-05
 lambda	  : 33.5

initial set of free parameter values

a               = 1
b               = 1

After 7 iterations the fit converged.
final sum of squares of residuals : 3.30468e-43
abs. change during last iteration : -5.50186e-27


Hmmmm.... Sum of squared residuals is zero. Can't compute errors.

Final set of parameters 
======================= 

a               = -3.13052e-23   
b               = 1.51038e-21    


*******************************************************************************
Mon Oct 21 21:21:47 2013


FIT:    data read from 'dataSet1' using 0:1
        format = x:z
        #datapoints = 4
        residuals are weighted equally (unit weight)

function used for fitting: f(x)
fitted parameters initialized with current variable values



 Iteration 0
 WSSR        : 7994              delta(WSSR)/WSSR   : 0
 delta(WSSR) : 0                 limit for stopping : 1e-05
 lambda	  : 1.5

initial set of free parameter values

a               = 1
b               = 1

After 4 iterations the fit converged.
final sum of squares of residuals : 5
rel. change during last iteration : -9.39208e-10

degrees of freedom    (FIT_NDF)                        : 2
rms of residuals      (FIT_STDFIT) = sqrt(WSSR/ndf)    : 1.58114
variance of residuals (reduced chisquare) = WSSR/ndf   : 2.5

Final set of parameters            Asymptotic Standard Error
=======================            ==========================

a               = 8                +/- 0.7071       (8.839%)
b               = 34.5             +/- 1.323        (3.834%)


correlation matrix of the fit parameters:

               a      b      
a               1.000 
b              -0.802  1.000 


*******************************************************************************
Mon Oct 21 21:23:08 2013


FIT:    data read from 'dataSet1' using 0:1
        format = x:z
        #datapoints = 4
        residuals are weighted equally (unit weight)

function used for fitting: f(x)
fitted parameters initialized with current variable values



 Iteration 0
 WSSR        : 7994              delta(WSSR)/WSSR   : 0
 delta(WSSR) : 0                 limit for stopping : 1e-05
 lambda	  : 1.5

initial set of free parameter values

a               = 1
b               = 1

After 4 iterations the fit converged.
final sum of squares of residuals : 5
rel. change during last iteration : -9.39208e-10

degrees of freedom    (FIT_NDF)                        : 2
rms of residuals      (FIT_STDFIT) = sqrt(WSSR/ndf)    : 1.58114
variance of residuals (reduced chisquare) = WSSR/ndf   : 2.5

Final set of parameters            Asymptotic Standard Error
=======================            ==========================

a               = 8                +/- 0.7071       (8.839%)
b               = 34.5             +/- 1.323        (3.834%)


correlation matrix of the fit parameters:

               a      b      
a               1.000 
b              -0.802  1.000 


*******************************************************************************
Mon Oct 21 21:27:48 2013


FIT:    data read from 'dataSet1' using 0:1
        format = x:z
        #datapoints = 4
        residuals are weighted equally (unit weight)

function used for fitting: f(x)
fitted parameters initialized with current variable values



 Iteration 0
 WSSR        : 7994              delta(WSSR)/WSSR   : 0
 delta(WSSR) : 0                 limit for stopping : 1e-05
 lambda	  : 1.5

initial set of free parameter values

a               = 1
b               = 1

After 4 iterations the fit converged.
final sum of squares of residuals : 5
rel. change during last iteration : -9.39208e-10

degrees of freedom    (FIT_NDF)                        : 2
rms of residuals      (FIT_STDFIT) = sqrt(WSSR/ndf)    : 1.58114
variance of residuals (reduced chisquare) = WSSR/ndf   : 2.5

Final set of parameters            Asymptotic Standard Error
=======================            ==========================

a               = 8                +/- 0.7071       (8.839%)
b               = 34.5             +/- 1.323        (3.834%)


correlation matrix of the fit parameters:

               a      b      
a               1.000 
b              -0.802  1.000 


*******************************************************************************
Mon Oct 21 21:30:54 2013


FIT:    data read from 'dataSet1' using 0:1
        format = x:z
        #datapoints = 4
        residuals are weighted equally (unit weight)

function used for fitting: f(x)
fitted parameters initialized with current variable values



 Iteration 0
 WSSR        : 7994              delta(WSSR)/WSSR   : 0
 delta(WSSR) : 0                 limit for stopping : 1e-05
 lambda	  : 1.5

initial set of free parameter values

a               = 1
b               = 1

After 4 iterations the fit converged.
final sum of squares of residuals : 5
rel. change during last iteration : -9.39208e-10

degrees of freedom    (FIT_NDF)                        : 2
rms of residuals      (FIT_STDFIT) = sqrt(WSSR/ndf)    : 1.58114
variance of residuals (reduced chisquare) = WSSR/ndf   : 2.5

Final set of parameters            Asymptotic Standard Error
=======================            ==========================

a               = 8                +/- 0.7071       (8.839%)
b               = 34.5             +/- 1.323        (3.834%)


correlation matrix of the fit parameters:

               a      b      
a               1.000 
b              -0.802  1.000 


*******************************************************************************
Mon Oct 21 21:31:40 2013


FIT:    data read from 'dataSet1' using 0:1
        format = x:z
        #datapoints = 4
        residuals are weighted equally (unit weight)

function used for fitting: f(x)
fitted parameters initialized with current variable values



 Iteration 0
 WSSR        : 7994              delta(WSSR)/WSSR   : 0
 delta(WSSR) : 0                 limit for stopping : 1e-05
 lambda	  : 1.5

initial set of free parameter values

a               = 1
b               = 1

After 4 iterations the fit converged.
final sum of squares of residuals : 5
rel. change during last iteration : -9.39208e-10

degrees of freedom    (FIT_NDF)                        : 2
rms of residuals      (FIT_STDFIT) = sqrt(WSSR/ndf)    : 1.58114
variance of residuals (reduced chisquare) = WSSR/ndf   : 2.5

Final set of parameters            Asymptotic Standard Error
=======================            ==========================

a               = 8                +/- 0.7071       (8.839%)
b               = 34.5             +/- 1.323        (3.834%)


correlation matrix of the fit parameters:

               a      b      
a               1.000 
b              -0.802  1.000 


*******************************************************************************
Mon Oct 21 21:34:24 2013


FIT:    data read from 'dataSet1' using 0:1
        format = x:z
        #datapoints = 4
        residuals are weighted equally (unit weight)

function used for fitting: f(x)
fitted parameters initialized with current variable values



 Iteration 0
 WSSR        : 7994              delta(WSSR)/WSSR   : 0
 delta(WSSR) : 0                 limit for stopping : 1e-05
 lambda	  : 1.5

initial set of free parameter values

a               = 1
b               = 1

After 4 iterations the fit converged.
final sum of squares of residuals : 5
rel. change during last iteration : -9.39208e-10

degrees of freedom    (FIT_NDF)                        : 2
rms of residuals      (FIT_STDFIT) = sqrt(WSSR/ndf)    : 1.58114
variance of residuals (reduced chisquare) = WSSR/ndf   : 2.5

Final set of parameters            Asymptotic Standard Error
=======================            ==========================

a               = 8                +/- 0.7071       (8.839%)
b               = 34.5             +/- 1.323        (3.834%)


correlation matrix of the fit parameters:

               a      b      
a               1.000 
b              -0.802  1.000 


*******************************************************************************
Mon Oct 21 21:35:42 2013


FIT:    data read from 'dataSet1' using 0:1
        format = x:z
        #datapoints = 4
        residuals are weighted equally (unit weight)

function used for fitting: f(x)
fitted parameters initialized with current variable values



 Iteration 0
 WSSR        : 7994              delta(WSSR)/WSSR   : 0
 delta(WSSR) : 0                 limit for stopping : 1e-05
 lambda	  : 1.5

initial set of free parameter values

a               = 1
b               = 1

After 4 iterations the fit converged.
final sum of squares of residuals : 5
rel. change during last iteration : -9.39208e-10

degrees of freedom    (FIT_NDF)                        : 2
rms of residuals      (FIT_STDFIT) = sqrt(WSSR/ndf)    : 1.58114
variance of residuals (reduced chisquare) = WSSR/ndf   : 2.5

Final set of parameters            Asymptotic Standard Error
=======================            ==========================

a               = 8                +/- 0.7071       (8.839%)
b               = 34.5             +/- 1.323        (3.834%)


correlation matrix of the fit parameters:

               a      b      
a               1.000 
b              -0.802  1.000 


*******************************************************************************
Mon Oct 21 21:40:40 2013


FIT:    data read from 'dataSet1' using 0:1
        format = x:z
        #datapoints = 4
        residuals are weighted equally (unit weight)

function used for fitting: f(x)
fitted parameters initialized with current variable values



 Iteration 0
 WSSR        : 7994              delta(WSSR)/WSSR   : 0
 delta(WSSR) : 0                 limit for stopping : 1e-05
 lambda	  : 1.5

initial set of free parameter values

a               = 1
b               = 1

After 4 iterations the fit converged.
final sum of squares of residuals : 5
rel. change during last iteration : -9.39208e-10

degrees of freedom    (FIT_NDF)                        : 2
rms of residuals      (FIT_STDFIT) = sqrt(WSSR/ndf)    : 1.58114
variance of residuals (reduced chisquare) = WSSR/ndf   : 2.5

Final set of parameters            Asymptotic Standard Error
=======================            ==========================

a               = 8                +/- 0.7071       (8.839%)
b               = 34.5             +/- 1.323        (3.834%)


correlation matrix of the fit parameters:

               a      b      
a               1.000 
b              -0.802  1.000 


*******************************************************************************
Mon Oct 21 21:42:50 2013


FIT:    data read from 'dataSet1' using 0:1
        format = x:z
        #datapoints = 4
        residuals are weighted equally (unit weight)

function used for fitting: f(x)
fitted parameters initialized with current variable values



 Iteration 0
 WSSR        : 7994              delta(WSSR)/WSSR   : 0
 delta(WSSR) : 0                 limit for stopping : 1e-05
 lambda	  : 1.5

initial set of free parameter values

a               = 1
b               = 1

After 4 iterations the fit converged.
final sum of squares of residuals : 5
rel. change during last iteration : -9.39208e-10

degrees of freedom    (FIT_NDF)                        : 2
rms of residuals      (FIT_STDFIT) = sqrt(WSSR/ndf)    : 1.58114
variance of residuals (reduced chisquare) = WSSR/ndf   : 2.5

Final set of parameters            Asymptotic Standard Error
=======================            ==========================

a               = 8                +/- 0.7071       (8.839%)
b               = 34.5             +/- 1.323        (3.834%)


correlation matrix of the fit parameters:

               a      b      
a               1.000 
b              -0.802  1.000 


*******************************************************************************
Mon Oct 21 21:42:53 2013


FIT:    data read from 'dataSet1' using 0:1
        format = x:z
        #datapoints = 4
        residuals are weighted equally (unit weight)

function used for fitting: f(x)
fitted parameters initialized with current variable values



 Iteration 0
 WSSR        : 7994              delta(WSSR)/WSSR   : 0
 delta(WSSR) : 0                 limit for stopping : 1e-05
 lambda	  : 1.5

initial set of free parameter values

a               = 1
b               = 1

After 4 iterations the fit converged.
final sum of squares of residuals : 5
rel. change during last iteration : -9.39208e-10

degrees of freedom    (FIT_NDF)                        : 2
rms of residuals      (FIT_STDFIT) = sqrt(WSSR/ndf)    : 1.58114
variance of residuals (reduced chisquare) = WSSR/ndf   : 2.5

Final set of parameters            Asymptotic Standard Error
=======================            ==========================

a               = 8                +/- 0.7071       (8.839%)
b               = 34.5             +/- 1.323        (3.834%)


correlation matrix of the fit parameters:

               a      b      
a               1.000 
b              -0.802  1.000 


*******************************************************************************
Mon Oct 21 21:43:58 2013


FIT:    data read from 'dataSet1' using 1:2
        format = x:z
        #datapoints = 4
        residuals are weighted equally (unit weight)

function used for fitting: f(x)
fitted parameters initialized with current variable values



 Iteration 0
 WSSR        : 9350              delta(WSSR)/WSSR   : 0
 delta(WSSR) : 0                 limit for stopping : 1e-05
 lambda	  : 33.5

initial set of free parameter values

a               = 1
b               = 1

After 7 iterations the fit converged.
final sum of squares of residuals : 3.30468e-43
abs. change during last iteration : -5.50186e-27


Hmmmm.... Sum of squared residuals is zero. Can't compute errors.

Final set of parameters 
======================= 

a               = -3.13052e-23   
b               = 1.51038e-21    


*******************************************************************************
Mon Oct 21 21:44:32 2013


FIT:    data read from 'dataSet1' using 2:1
        format = x:z
        #datapoints = 4
        residuals are weighted equally (unit weight)

function used for fitting: f(x)
fitted parameters initialized with current variable values



 Iteration 0
 WSSR        : 8606              delta(WSSR)/WSSR   : 0
 delta(WSSR) : 0                 limit for stopping : 1e-05
 lambda	  : 0.707107

initial set of free parameter values

a               = 1
b               = 1

After 3 iterations the fit converged.
final sum of squares of residuals : 325
rel. change during last iteration : -4.90286e-07

degrees of freedom    (FIT_NDF)                        : 2
rms of residuals      (FIT_STDFIT) = sqrt(WSSR/ndf)    : 12.7475
variance of residuals (reduced chisquare) = WSSR/ndf   : 162.5

BREAK:          Singular matrix in Invert_RtR



*******************************************************************************
Mon Oct 21 21:46:20 2013


FIT:    data read from 'dataSet1' using 1:2
        format = x:z
        #datapoints = 4
        residuals are weighted equally (unit weight)

function used for fitting: f(x)
fitted parameters initialized with current variable values



 Iteration 0
 WSSR        : 9205.76           delta(WSSR)/WSSR   : 0
 delta(WSSR) : 0                 limit for stopping : 1e-05
 lambda	  : 33.5

initial set of free parameter values

a               = 1
b               = 1

After 6 iterations the fit converged.
final sum of squares of residuals : 3.07692e-05
rel. change during last iteration : -2.56976e-10

degrees of freedom    (FIT_NDF)                        : 2
rms of residuals      (FIT_STDFIT) = sqrt(WSSR/ndf)    : 0.00392232
variance of residuals (reduced chisquare) = WSSR/ndf   : 1.53846e-05

Final set of parameters            Asymptotic Standard Error
=======================            ==========================

a               = 0.00646154       +/- 0.0002176    (3.367%)
b               = 0.0695385        +/- 0.01031      (14.82%)


correlation matrix of the fit parameters:

               a      b      
a               1.000 
b              -0.982  1.000 


*******************************************************************************
Mon Oct 21 21:52:19 2013


FIT:    data read from 'dataSet1' using 1:2
        format = x:z
        #datapoints = 4
        residuals are weighted equally (unit weight)

function used for fitting: f(x)
fitted parameters initialized with current variable values



 Iteration 0
 WSSR        : 9205.76           delta(WSSR)/WSSR   : 0
 delta(WSSR) : 0                 limit for stopping : 1e-05
 lambda	  : 33.5

initial set of free parameter values

a               = 1
b               = 1

After 6 iterations the fit converged.
final sum of squares of residuals : 3.07692e-05
rel. change during last iteration : -2.56976e-10

degrees of freedom    (FIT_NDF)                        : 2
rms of residuals      (FIT_STDFIT) = sqrt(WSSR/ndf)    : 0.00392232
variance of residuals (reduced chisquare) = WSSR/ndf   : 1.53846e-05

Final set of parameters            Asymptotic Standard Error
=======================            ==========================

a               = 0.00646154       +/- 0.0002176    (3.367%)
b               = 0.0695385        +/- 0.01031      (14.82%)


correlation matrix of the fit parameters:

               a      b      
a               1.000 
b              -0.982  1.000 


*******************************************************************************
Mon Oct 21 21:54:22 2013


FIT:    data read from 'dataSet1' using 1:2
        format = x:z
        #datapoints = 4
        residuals are weighted equally (unit weight)

function used for fitting: f(x)
fitted parameters initialized with current variable values



 Iteration 0
 WSSR        : 9205.76           delta(WSSR)/WSSR   : 0
 delta(WSSR) : 0                 limit for stopping : 1e-05
 lambda	  : 33.5

initial set of free parameter values

a               = 1
b               = 1

After 6 iterations the fit converged.
final sum of squares of residuals : 3.07692e-05
rel. change during last iteration : -2.56976e-10

degrees of freedom    (FIT_NDF)                        : 2
rms of residuals      (FIT_STDFIT) = sqrt(WSSR/ndf)    : 0.00392232
variance of residuals (reduced chisquare) = WSSR/ndf   : 1.53846e-05

Final set of parameters            Asymptotic Standard Error
=======================            ==========================

a               = 0.00646154       +/- 0.0002176    (3.367%)
b               = 0.0695385        +/- 0.01031      (14.82%)


correlation matrix of the fit parameters:

               a      b      
a               1.000 
b              -0.982  1.000 


*******************************************************************************
Mon Oct 21 21:54:54 2013


FIT:    data read from 'dataSet1' using 1:2
        format = x:z
        #datapoints = 4
        residuals are weighted equally (unit weight)

function used for fitting: f(x)
fitted parameters initialized with current variable values



 Iteration 0
 WSSR        : 9205.76           delta(WSSR)/WSSR   : 0
 delta(WSSR) : 0                 limit for stopping : 1e-05
 lambda	  : 33.5

initial set of free parameter values

a               = 1
b               = 1

After 6 iterations the fit converged.
final sum of squares of residuals : 3.07692e-05
rel. change during last iteration : -2.56976e-10

degrees of freedom    (FIT_NDF)                        : 2
rms of residuals      (FIT_STDFIT) = sqrt(WSSR/ndf)    : 0.00392232
variance of residuals (reduced chisquare) = WSSR/ndf   : 1.53846e-05

Final set of parameters            Asymptotic Standard Error
=======================            ==========================

a               = 0.00646154       +/- 0.0002176    (3.367%)
b               = 0.0695385        +/- 0.01031      (14.82%)


correlation matrix of the fit parameters:

               a      b      
a               1.000 
b              -0.982  1.000 


*******************************************************************************
Mon Oct 21 21:58:11 2013


FIT:    data read from 'dataSet1' using 1:2
        format = x:z
        #datapoints = 4
        residuals are weighted equally (unit weight)

function used for fitting: f(x)
fitted parameters initialized with current variable values



 Iteration 0
 WSSR        : 9205.76           delta(WSSR)/WSSR   : 0
 delta(WSSR) : 0                 limit for stopping : 1e-05
 lambda	  : 33.5

initial set of free parameter values

a               = 1
b               = 1

After 6 iterations the fit converged.
final sum of squares of residuals : 3.07692e-05
rel. change during last iteration : -2.56976e-10

degrees of freedom    (FIT_NDF)                        : 2
rms of residuals      (FIT_STDFIT) = sqrt(WSSR/ndf)    : 0.00392232
variance of residuals (reduced chisquare) = WSSR/ndf   : 1.53846e-05

Final set of parameters            Asymptotic Standard Error
=======================            ==========================

a               = 0.00646154       +/- 0.0002176    (3.367%)
b               = 0.0695385        +/- 0.01031      (14.82%)


correlation matrix of the fit parameters:

               a      b      
a               1.000 
b              -0.982  1.000 


*******************************************************************************
Mon Oct 21 21:58:56 2013


FIT:    data read from 'dataSet1' using 1:2
        format = x:z
        #datapoints = 4
        residuals are weighted equally (unit weight)

function used for fitting: f(x)
fitted parameters initialized with current variable values



 Iteration 0
 WSSR        : 9205.76           delta(WSSR)/WSSR   : 0
 delta(WSSR) : 0                 limit for stopping : 1e-05
 lambda	  : 33.5

initial set of free parameter values

a               = 1
b               = 1

After 6 iterations the fit converged.
final sum of squares of residuals : 3.07692e-05
rel. change during last iteration : -2.56976e-10

degrees of freedom    (FIT_NDF)                        : 2
rms of residuals      (FIT_STDFIT) = sqrt(WSSR/ndf)    : 0.00392232
variance of residuals (reduced chisquare) = WSSR/ndf   : 1.53846e-05

Final set of parameters            Asymptotic Standard Error
=======================            ==========================

a               = 0.00646154       +/- 0.0002176    (3.367%)
b               = 0.0695385        +/- 0.01031      (14.82%)


correlation matrix of the fit parameters:

               a      b      
a               1.000 
b              -0.982  1.000 


*******************************************************************************
Mon Oct 21 21:59:04 2013


FIT:    data read from 'dataSet1' using 1:2
        format = x:z
        #datapoints = 4
        residuals are weighted equally (unit weight)

function used for fitting: f(x)
fitted parameters initialized with current variable values



 Iteration 0
 WSSR        : 9205.76           delta(WSSR)/WSSR   : 0
 delta(WSSR) : 0                 limit for stopping : 1e-05
 lambda	  : 33.5

initial set of free parameter values

a               = 1
b               = 1

After 6 iterations the fit converged.
final sum of squares of residuals : 3.07692e-05
rel. change during last iteration : -2.56976e-10

degrees of freedom    (FIT_NDF)                        : 2
rms of residuals      (FIT_STDFIT) = sqrt(WSSR/ndf)    : 0.00392232
variance of residuals (reduced chisquare) = WSSR/ndf   : 1.53846e-05

Final set of parameters            Asymptotic Standard Error
=======================            ==========================

a               = 0.00646154       +/- 0.0002176    (3.367%)
b               = 0.0695385        +/- 0.01031      (14.82%)


correlation matrix of the fit parameters:

               a      b      
a               1.000 
b              -0.982  1.000 


*******************************************************************************
Mon Oct 21 21:59:24 2013


FIT:    data read from 'dataSet1' using 1:2
        format = x:z
        #datapoints = 4
        residuals are weighted equally (unit weight)

function used for fitting: f(x)
fitted parameters initialized with current variable values



 Iteration 0
 WSSR        : 9205.76           delta(WSSR)/WSSR   : 0
 delta(WSSR) : 0                 limit for stopping : 1e-05
 lambda	  : 33.5

initial set of free parameter values

a               = 1
b               = 1

After 6 iterations the fit converged.
final sum of squares of residuals : 3.07692e-05
rel. change during last iteration : -2.56976e-10

degrees of freedom    (FIT_NDF)                        : 2
rms of residuals      (FIT_STDFIT) = sqrt(WSSR/ndf)    : 0.00392232
variance of residuals (reduced chisquare) = WSSR/ndf   : 1.53846e-05

Final set of parameters            Asymptotic Standard Error
=======================            ==========================

a               = 0.00646154       +/- 0.0002176    (3.367%)
b               = 0.0695385        +/- 0.01031      (14.82%)


correlation matrix of the fit parameters:

               a      b      
a               1.000 
b              -0.982  1.000 


*******************************************************************************
Mon Oct 21 22:00:47 2013


FIT:    data read from 'dataSet1' using 1:2
        format = x:z
        #datapoints = 4
        residuals are weighted equally (unit weight)

function used for fitting: f(x)
fitted parameters initialized with current variable values



 Iteration 0
 WSSR        : 9205.76           delta(WSSR)/WSSR   : 0
 delta(WSSR) : 0                 limit for stopping : 1e-05
 lambda	  : 33.5

initial set of free parameter values

a               = 1
b               = 1

After 6 iterations the fit converged.
final sum of squares of residuals : 3.07692e-05
rel. change during last iteration : -2.56976e-10

degrees of freedom    (FIT_NDF)                        : 2
rms of residuals      (FIT_STDFIT) = sqrt(WSSR/ndf)    : 0.00392232
variance of residuals (reduced chisquare) = WSSR/ndf   : 1.53846e-05

Final set of parameters            Asymptotic Standard Error
=======================            ==========================

a               = 0.00646154       +/- 0.0002176    (3.367%)
b               = 0.0695385        +/- 0.01031      (14.82%)


correlation matrix of the fit parameters:

               a      b      
a               1.000 
b              -0.982  1.000 


*******************************************************************************
Mon Oct 21 22:01:32 2013


FIT:    data read from 'dataSet1' using 1:2
        format = x:z
        #datapoints = 4
        residuals are weighted equally (unit weight)

function used for fitting: f(x)
fitted parameters initialized with current variable values



 Iteration 0
 WSSR        : 9205.76           delta(WSSR)/WSSR   : 0
 delta(WSSR) : 0                 limit for stopping : 1e-05
 lambda	  : 33.5

initial set of free parameter values

a               = 1
b               = 1

After 6 iterations the fit converged.
final sum of squares of residuals : 3.07692e-05
rel. change during last iteration : -2.56976e-10

degrees of freedom    (FIT_NDF)                        : 2
rms of residuals      (FIT_STDFIT) = sqrt(WSSR/ndf)    : 0.00392232
variance of residuals (reduced chisquare) = WSSR/ndf   : 1.53846e-05

Final set of parameters            Asymptotic Standard Error
=======================            ==========================

a               = 0.00646154       +/- 0.0002176    (3.367%)
b               = 0.0695385        +/- 0.01031      (14.82%)


correlation matrix of the fit parameters:

               a      b      
a               1.000 
b              -0.982  1.000 


*******************************************************************************
Mon Oct 21 22:02:50 2013


FIT:    data read from 'dataSet1' using 1:2
        format = x:z
        #datapoints = 4
        residuals are weighted equally (unit weight)

function used for fitting: f(x)
fitted parameters initialized with current variable values



 Iteration 0
 WSSR        : 9205.76           delta(WSSR)/WSSR   : 0
 delta(WSSR) : 0                 limit for stopping : 1e-05
 lambda	  : 33.5

initial set of free parameter values

a               = 1
b               = 1

After 6 iterations the fit converged.
final sum of squares of residuals : 3.07692e-05
rel. change during last iteration : -2.56976e-10

degrees of freedom    (FIT_NDF)                        : 2
rms of residuals      (FIT_STDFIT) = sqrt(WSSR/ndf)    : 0.00392232
variance of residuals (reduced chisquare) = WSSR/ndf   : 1.53846e-05

Final set of parameters            Asymptotic Standard Error
=======================            ==========================

a               = 0.00646154       +/- 0.0002176    (3.367%)
b               = 0.0695385        +/- 0.01031      (14.82%)


correlation matrix of the fit parameters:

               a      b      
a               1.000 
b              -0.982  1.000 


*******************************************************************************
Mon Oct 21 22:04:42 2013


FIT:    data read from 'dataSet1' using 1:2
        format = x:z
        #datapoints = 4
        residuals are weighted equally (unit weight)

function used for fitting: f(x)
fitted parameters initialized with current variable values



 Iteration 0
 WSSR        : 9205.76           delta(WSSR)/WSSR   : 0
 delta(WSSR) : 0                 limit for stopping : 1e-05
 lambda	  : 33.5

initial set of free parameter values

a               = 1
b               = 1

After 6 iterations the fit converged.
final sum of squares of residuals : 3.07692e-05
rel. change during last iteration : -2.56976e-10

degrees of freedom    (FIT_NDF)                        : 2
rms of residuals      (FIT_STDFIT) = sqrt(WSSR/ndf)    : 0.00392232
variance of residuals (reduced chisquare) = WSSR/ndf   : 1.53846e-05

Final set of parameters            Asymptotic Standard Error
=======================            ==========================

a               = 0.00646154       +/- 0.0002176    (3.367%)
b               = 0.0695385        +/- 0.01031      (14.82%)


correlation matrix of the fit parameters:

               a      b      
a               1.000 
b              -0.982  1.000 


*******************************************************************************
Mon Oct 21 22:05:04 2013


FIT:    data read from 'dataSet1' using 1:2
        format = x:z
        #datapoints = 4
        residuals are weighted equally (unit weight)

function used for fitting: f(x)
fitted parameters initialized with current variable values



 Iteration 0
 WSSR        : 9205.76           delta(WSSR)/WSSR   : 0
 delta(WSSR) : 0                 limit for stopping : 1e-05
 lambda	  : 33.5

initial set of free parameter values

a               = 1
b               = 1

After 6 iterations the fit converged.
final sum of squares of residuals : 3.07692e-05
rel. change during last iteration : -2.56976e-10

degrees of freedom    (FIT_NDF)                        : 2
rms of residuals      (FIT_STDFIT) = sqrt(WSSR/ndf)    : 0.00392232
variance of residuals (reduced chisquare) = WSSR/ndf   : 1.53846e-05

Final set of parameters            Asymptotic Standard Error
=======================            ==========================

a               = 0.00646154       +/- 0.0002176    (3.367%)
b               = 0.0695385        +/- 0.01031      (14.82%)


correlation matrix of the fit parameters:

               a      b      
a               1.000 
b              -0.982  1.000 


*******************************************************************************
Mon Oct 21 22:05:30 2013


FIT:    data read from 'dataSet1' using 1:2
        format = x:z
        #datapoints = 4
        residuals are weighted equally (unit weight)

function used for fitting: f(x)
fitted parameters initialized with current variable values



 Iteration 0
 WSSR        : 9205.76           delta(WSSR)/WSSR   : 0
 delta(WSSR) : 0                 limit for stopping : 1e-05
 lambda	  : 33.5

initial set of free parameter values

a               = 1
b               = 1

After 6 iterations the fit converged.
final sum of squares of residuals : 3.07692e-05
rel. change during last iteration : -2.56976e-10

degrees of freedom    (FIT_NDF)                        : 2
rms of residuals      (FIT_STDFIT) = sqrt(WSSR/ndf)    : 0.00392232
variance of residuals (reduced chisquare) = WSSR/ndf   : 1.53846e-05

Final set of parameters            Asymptotic Standard Error
=======================            ==========================

a               = 0.00646154       +/- 0.0002176    (3.367%)
b               = 0.0695385        +/- 0.01031      (14.82%)


correlation matrix of the fit parameters:

               a      b      
a               1.000 
b              -0.982  1.000 


*******************************************************************************
Mon Oct 21 22:06:00 2013


FIT:    data read from 'dataSet1' using 1:2
        format = x:z
        #datapoints = 4
        residuals are weighted equally (unit weight)

function used for fitting: f(x)
fitted parameters initialized with current variable values



 Iteration 0
 WSSR        : 9205.76           delta(WSSR)/WSSR   : 0
 delta(WSSR) : 0                 limit for stopping : 1e-05
 lambda	  : 33.5

initial set of free parameter values

a               = 1
b               = 1

After 6 iterations the fit converged.
final sum of squares of residuals : 3.07692e-05
rel. change during last iteration : -2.56976e-10

degrees of freedom    (FIT_NDF)                        : 2
rms of residuals      (FIT_STDFIT) = sqrt(WSSR/ndf)    : 0.00392232
variance of residuals (reduced chisquare) = WSSR/ndf   : 1.53846e-05

Final set of parameters            Asymptotic Standard Error
=======================            ==========================

a               = 0.00646154       +/- 0.0002176    (3.367%)
b               = 0.0695385        +/- 0.01031      (14.82%)


correlation matrix of the fit parameters:

               a      b      
a               1.000 
b              -0.982  1.000 


*******************************************************************************
Mon Oct 21 22:06:43 2013


FIT:    data read from 'dataSet1' using 1:2
        format = x:z
        #datapoints = 4
        residuals are weighted equally (unit weight)

function used for fitting: f(x)
fitted parameters initialized with current variable values



 Iteration 0
 WSSR        : 9205.76           delta(WSSR)/WSSR   : 0
 delta(WSSR) : 0                 limit for stopping : 1e-05
 lambda	  : 33.5

initial set of free parameter values

a               = 1
b               = 1

After 6 iterations the fit converged.
final sum of squares of residuals : 3.07692e-05
rel. change during last iteration : -2.56976e-10

degrees of freedom    (FIT_NDF)                        : 2
rms of residuals      (FIT_STDFIT) = sqrt(WSSR/ndf)    : 0.00392232
variance of residuals (reduced chisquare) = WSSR/ndf   : 1.53846e-05

Final set of parameters            Asymptotic Standard Error
=======================            ==========================

a               = 0.00646154       +/- 0.0002176    (3.367%)
b               = 0.0695385        +/- 0.01031      (14.82%)


correlation matrix of the fit parameters:

               a      b      
a               1.000 
b              -0.982  1.000 


*******************************************************************************
Mon Oct 21 22:07:56 2013


FIT:    data read from 'dataSet1' using 1:2
        format = x:z
        #datapoints = 4
        residuals are weighted equally (unit weight)

function used for fitting: f(x)
fitted parameters initialized with current variable values



 Iteration 0
 WSSR        : 9205.76           delta(WSSR)/WSSR   : 0
 delta(WSSR) : 0                 limit for stopping : 1e-05
 lambda	  : 33.5

initial set of free parameter values

a               = 1
b               = 1

After 6 iterations the fit converged.
final sum of squares of residuals : 3.07692e-05
rel. change during last iteration : -2.56976e-10

degrees of freedom    (FIT_NDF)                        : 2
rms of residuals      (FIT_STDFIT) = sqrt(WSSR/ndf)    : 0.00392232
variance of residuals (reduced chisquare) = WSSR/ndf   : 1.53846e-05

Final set of parameters            Asymptotic Standard Error
=======================            ==========================

a               = 0.00646154       +/- 0.0002176    (3.367%)
b               = 0.0695385        +/- 0.01031      (14.82%)


correlation matrix of the fit parameters:

               a      b      
a               1.000 
b              -0.982  1.000 


*******************************************************************************
Mon Oct 21 22:09:12 2013


FIT:    data read from 'dataSet1' using 1:2
        format = x:z
        #datapoints = 4
        residuals are weighted equally (unit weight)

function used for fitting: f(x)
fitted parameters initialized with current variable values



 Iteration 0
 WSSR        : 9205.76           delta(WSSR)/WSSR   : 0
 delta(WSSR) : 0                 limit for stopping : 1e-05
 lambda	  : 33.5

initial set of free parameter values

a               = 1
b               = 1

After 6 iterations the fit converged.
final sum of squares of residuals : 3.07692e-05
rel. change during last iteration : -2.56976e-10

degrees of freedom    (FIT_NDF)                        : 2
rms of residuals      (FIT_STDFIT) = sqrt(WSSR/ndf)    : 0.00392232
variance of residuals (reduced chisquare) = WSSR/ndf   : 1.53846e-05

Final set of parameters            Asymptotic Standard Error
=======================            ==========================

a               = 0.00646154       +/- 0.0002176    (3.367%)
b               = 0.0695385        +/- 0.01031      (14.82%)


correlation matrix of the fit parameters:

               a      b      
a               1.000 
b              -0.982  1.000 


*******************************************************************************
Mon Oct 21 22:10:11 2013


FIT:    data read from 'dataSet1' using 1:2
        format = x:z
        #datapoints = 4
        residuals are weighted equally (unit weight)

function used for fitting: f(x)
fitted parameters initialized with current variable values



 Iteration 0
 WSSR        : 9205.76           delta(WSSR)/WSSR   : 0
 delta(WSSR) : 0                 limit for stopping : 1e-05
 lambda	  : 33.5

initial set of free parameter values

a               = 1
b               = 1

After 6 iterations the fit converged.
final sum of squares of residuals : 3.07692e-05
rel. change during last iteration : -2.56976e-10

degrees of freedom    (FIT_NDF)                        : 2
rms of residuals      (FIT_STDFIT) = sqrt(WSSR/ndf)    : 0.00392232
variance of residuals (reduced chisquare) = WSSR/ndf   : 1.53846e-05

Final set of parameters            Asymptotic Standard Error
=======================            ==========================

a               = 0.00646154       +/- 0.0002176    (3.367%)
b               = 0.0695385        +/- 0.01031      (14.82%)


correlation matrix of the fit parameters:

               a      b      
a               1.000 
b              -0.982  1.000 


*******************************************************************************
Mon Oct 21 22:11:12 2013


FIT:    data read from 'dataSet1' using 1:2
        format = x:z
        #datapoints = 4
        residuals are weighted equally (unit weight)

function used for fitting: f(x)
fitted parameters initialized with current variable values



 Iteration 0
 WSSR        : 9205.76           delta(WSSR)/WSSR   : 0
 delta(WSSR) : 0                 limit for stopping : 1e-05
 lambda	  : 33.5

initial set of free parameter values

a               = 1
b               = 1

After 6 iterations the fit converged.
final sum of squares of residuals : 3.07692e-05
rel. change during last iteration : -2.56976e-10

degrees of freedom    (FIT_NDF)                        : 2
rms of residuals      (FIT_STDFIT) = sqrt(WSSR/ndf)    : 0.00392232
variance of residuals (reduced chisquare) = WSSR/ndf   : 1.53846e-05

Final set of parameters            Asymptotic Standard Error
=======================            ==========================

a               = 0.00646154       +/- 0.0002176    (3.367%)
b               = 0.0695385        +/- 0.01031      (14.82%)


correlation matrix of the fit parameters:

               a      b      
a               1.000 
b              -0.982  1.000 


*******************************************************************************
Mon Oct 21 22:12:39 2013


FIT:    data read from 'dataSet1' using 1:2
        format = x:z
        #datapoints = 4
        residuals are weighted equally (unit weight)

function used for fitting: f(x)
fitted parameters initialized with current variable values



 Iteration 0
 WSSR        : 9205.76           delta(WSSR)/WSSR   : 0
 delta(WSSR) : 0                 limit for stopping : 1e-05
 lambda	  : 33.5

initial set of free parameter values

a               = 1
b               = 1

After 6 iterations the fit converged.
final sum of squares of residuals : 3.07692e-05
rel. change during last iteration : -2.56976e-10

degrees of freedom    (FIT_NDF)                        : 2
rms of residuals      (FIT_STDFIT) = sqrt(WSSR/ndf)    : 0.00392232
variance of residuals (reduced chisquare) = WSSR/ndf   : 1.53846e-05

Final set of parameters            Asymptotic Standard Error
=======================            ==========================

a               = 0.00646154       +/- 0.0002176    (3.367%)
b               = 0.0695385        +/- 0.01031      (14.82%)


correlation matrix of the fit parameters:

               a      b      
a               1.000 
b              -0.982  1.000 


*******************************************************************************
Mon Oct 21 22:13:08 2013


FIT:    data read from 'dataSet1' using 1:2
        format = x:z
        #datapoints = 4
        residuals are weighted equally (unit weight)

function used for fitting: f(x)
fitted parameters initialized with current variable values



 Iteration 0
 WSSR        : 9205.76           delta(WSSR)/WSSR   : 0
 delta(WSSR) : 0                 limit for stopping : 1e-05
 lambda	  : 33.5

initial set of free parameter values

a               = 1
b               = 1

After 6 iterations the fit converged.
final sum of squares of residuals : 3.07692e-05
rel. change during last iteration : -2.56976e-10

degrees of freedom    (FIT_NDF)                        : 2
rms of residuals      (FIT_STDFIT) = sqrt(WSSR/ndf)    : 0.00392232
variance of residuals (reduced chisquare) = WSSR/ndf   : 1.53846e-05

Final set of parameters            Asymptotic Standard Error
=======================            ==========================

a               = 0.00646154       +/- 0.0002176    (3.367%)
b               = 0.0695385        +/- 0.01031      (14.82%)


correlation matrix of the fit parameters:

               a      b      
a               1.000 
b              -0.982  1.000 


*******************************************************************************
Mon Oct 21 22:13:29 2013


FIT:    data read from 'dataSet1' using 1:2
        format = x:z
        #datapoints = 4
        residuals are weighted equally (unit weight)

function used for fitting: f(x)
fitted parameters initialized with current variable values



 Iteration 0
 WSSR        : 9205.76           delta(WSSR)/WSSR   : 0
 delta(WSSR) : 0                 limit for stopping : 1e-05
 lambda	  : 33.5

initial set of free parameter values

a               = 1
b               = 1

After 6 iterations the fit converged.
final sum of squares of residuals : 3.07692e-05
rel. change during last iteration : -2.56976e-10

degrees of freedom    (FIT_NDF)                        : 2
rms of residuals      (FIT_STDFIT) = sqrt(WSSR/ndf)    : 0.00392232
variance of residuals (reduced chisquare) = WSSR/ndf   : 1.53846e-05

Final set of parameters            Asymptotic Standard Error
=======================            ==========================

a               = 0.00646154       +/- 0.0002176    (3.367%)
b               = 0.0695385        +/- 0.01031      (14.82%)


correlation matrix of the fit parameters:

               a      b      
a               1.000 
b              -0.982  1.000 


*******************************************************************************
Mon Oct 21 22:14:57 2013


FIT:    data read from 'dataSet1' using 1:2
        format = x:z
        #datapoints = 4
        residuals are weighted equally (unit weight)

function used for fitting: f(x)
fitted parameters initialized with current variable values



 Iteration 0
 WSSR        : 9205.76           delta(WSSR)/WSSR   : 0
 delta(WSSR) : 0                 limit for stopping : 1e-05
 lambda	  : 33.5

initial set of free parameter values

a               = 1
b               = 1

After 6 iterations the fit converged.
final sum of squares of residuals : 3.07692e-05
rel. change during last iteration : -2.56976e-10

degrees of freedom    (FIT_NDF)                        : 2
rms of residuals      (FIT_STDFIT) = sqrt(WSSR/ndf)    : 0.00392232
variance of residuals (reduced chisquare) = WSSR/ndf   : 1.53846e-05

Final set of parameters            Asymptotic Standard Error
=======================            ==========================

a               = 0.00646154       +/- 0.0002176    (3.367%)
b               = 0.0695385        +/- 0.01031      (14.82%)


correlation matrix of the fit parameters:

               a      b      
a               1.000 
b              -0.982  1.000 


*******************************************************************************
Mon Oct 21 22:17:39 2013


FIT:    data read from 'dataSet1' using 1:2
        format = x:z
        #datapoints = 4
        residuals are weighted equally (unit weight)

function used for fitting: f(x)
fitted parameters initialized with current variable values



 Iteration 0
 WSSR        : 9205.76           delta(WSSR)/WSSR   : 0
 delta(WSSR) : 0                 limit for stopping : 1e-05
 lambda	  : 33.5

initial set of free parameter values

a               = 1
b               = 1

After 6 iterations the fit converged.
final sum of squares of residuals : 3.07692e-05
rel. change during last iteration : -2.56976e-10

degrees of freedom    (FIT_NDF)                        : 2
rms of residuals      (FIT_STDFIT) = sqrt(WSSR/ndf)    : 0.00392232
variance of residuals (reduced chisquare) = WSSR/ndf   : 1.53846e-05

Final set of parameters            Asymptotic Standard Error
=======================            ==========================

a               = 0.00646154       +/- 0.0002176    (3.367%)
b               = 0.0695385        +/- 0.01031      (14.82%)


correlation matrix of the fit parameters:

               a      b      
a               1.000 
b              -0.982  1.000 


*******************************************************************************
Mon Oct 21 22:20:28 2013


FIT:    data read from 'dataSet1' using 1:2
        format = x:z
        #datapoints = 4
        residuals are weighted equally (unit weight)

function used for fitting: f(x)
fitted parameters initialized with current variable values



 Iteration 0
 WSSR        : 9205.76           delta(WSSR)/WSSR   : 0
 delta(WSSR) : 0                 limit for stopping : 1e-05
 lambda	  : 33.5

initial set of free parameter values

a               = 1
b               = 1

After 6 iterations the fit converged.
final sum of squares of residuals : 3.07692e-05
rel. change during last iteration : -2.56976e-10

degrees of freedom    (FIT_NDF)                        : 2
rms of residuals      (FIT_STDFIT) = sqrt(WSSR/ndf)    : 0.00392232
variance of residuals (reduced chisquare) = WSSR/ndf   : 1.53846e-05

Final set of parameters            Asymptotic Standard Error
=======================            ==========================

a               = 0.00646154       +/- 0.0002176    (3.367%)
b               = 0.0695385        +/- 0.01031      (14.82%)


correlation matrix of the fit parameters:

               a      b      
a               1.000 
b              -0.982  1.000 


*******************************************************************************
Mon Oct 21 22:22:26 2013


FIT:    data read from 'dataSet1' using 1:2
        format = x:z
        #datapoints = 4
        residuals are weighted equally (unit weight)

function used for fitting: f(x)
fitted parameters initialized with current variable values



 Iteration 0
 WSSR        : 9205.76           delta(WSSR)/WSSR   : 0
 delta(WSSR) : 0                 limit for stopping : 1e-05
 lambda	  : 33.5

initial set of free parameter values

a               = 1
b               = 1

After 6 iterations the fit converged.
final sum of squares of residuals : 3.07692e-05
rel. change during last iteration : -2.56976e-10

degrees of freedom    (FIT_NDF)                        : 2
rms of residuals      (FIT_STDFIT) = sqrt(WSSR/ndf)    : 0.00392232
variance of residuals (reduced chisquare) = WSSR/ndf   : 1.53846e-05

Final set of parameters            Asymptotic Standard Error
=======================            ==========================

a               = 0.00646154       +/- 0.0002176    (3.367%)
b               = 0.0695385        +/- 0.01031      (14.82%)


correlation matrix of the fit parameters:

               a      b      
a               1.000 
b              -0.982  1.000 


*******************************************************************************
Mon Oct 21 22:24:12 2013


FIT:    data read from 'dataSet1' using 1:2
        format = x:z
        #datapoints = 4
        residuals are weighted equally (unit weight)

function used for fitting: f(x)
fitted parameters initialized with current variable values



 Iteration 0
 WSSR        : 9205.76           delta(WSSR)/WSSR   : 0
 delta(WSSR) : 0                 limit for stopping : 1e-05
 lambda	  : 33.5

initial set of free parameter values

a               = 1
b               = 1

After 6 iterations the fit converged.
final sum of squares of residuals : 3.07692e-05
rel. change during last iteration : -2.56976e-10

degrees of freedom    (FIT_NDF)                        : 2
rms of residuals      (FIT_STDFIT) = sqrt(WSSR/ndf)    : 0.00392232
variance of residuals (reduced chisquare) = WSSR/ndf   : 1.53846e-05

Final set of parameters            Asymptotic Standard Error
=======================            ==========================

a               = 0.00646154       +/- 0.0002176    (3.367%)
b               = 0.0695385        +/- 0.01031      (14.82%)


correlation matrix of the fit parameters:

               a      b      
a               1.000 
b              -0.982  1.000 


*******************************************************************************
Mon Oct 21 22:25:40 2013


FIT:    data read from 'dataSet1' using 1:2
        format = x:z
        #datapoints = 4
        residuals are weighted equally (unit weight)

function used for fitting: f(x)
fitted parameters initialized with current variable values



 Iteration 0
 WSSR        : 9205.76           delta(WSSR)/WSSR   : 0
 delta(WSSR) : 0                 limit for stopping : 1e-05
 lambda	  : 33.5

initial set of free parameter values

a               = 1
b               = 1

After 6 iterations the fit converged.
final sum of squares of residuals : 3.07692e-05
rel. change during last iteration : -2.56976e-10

degrees of freedom    (FIT_NDF)                        : 2
rms of residuals      (FIT_STDFIT) = sqrt(WSSR/ndf)    : 0.00392232
variance of residuals (reduced chisquare) = WSSR/ndf   : 1.53846e-05

Final set of parameters            Asymptotic Standard Error
=======================            ==========================

a               = 0.00646154       +/- 0.0002176    (3.367%)
b               = 0.0695385        +/- 0.01031      (14.82%)


correlation matrix of the fit parameters:

               a      b      
a               1.000 
b              -0.982  1.000 


*******************************************************************************
Mon Oct 21 22:25:50 2013


FIT:    data read from 'dataSet1' using 1:2
        format = x:z
        #datapoints = 4
        residuals are weighted equally (unit weight)

function used for fitting: f(x)
fitted parameters initialized with current variable values



 Iteration 0
 WSSR        : 9205.76           delta(WSSR)/WSSR   : 0
 delta(WSSR) : 0                 limit for stopping : 1e-05
 lambda	  : 33.5

initial set of free parameter values

a               = 1
b               = 1

After 6 iterations the fit converged.
final sum of squares of residuals : 3.07692e-05
rel. change during last iteration : -2.56976e-10

degrees of freedom    (FIT_NDF)                        : 2
rms of residuals      (FIT_STDFIT) = sqrt(WSSR/ndf)    : 0.00392232
variance of residuals (reduced chisquare) = WSSR/ndf   : 1.53846e-05

Final set of parameters            Asymptotic Standard Error
=======================            ==========================

a               = 0.00646154       +/- 0.0002176    (3.367%)
b               = 0.0695385        +/- 0.01031      (14.82%)


correlation matrix of the fit parameters:

               a      b      
a               1.000 
b              -0.982  1.000 


*******************************************************************************
Mon Oct 21 22:26:50 2013


FIT:    data read from 'dataSet1' using 1:2
        format = x:z
        #datapoints = 4
        residuals are weighted equally (unit weight)

function used for fitting: f(x)
fitted parameters initialized with current variable values



 Iteration 0
 WSSR        : 9205.76           delta(WSSR)/WSSR   : 0
 delta(WSSR) : 0                 limit for stopping : 1e-05
 lambda	  : 33.5

initial set of free parameter values

a               = 1
b               = 1

After 6 iterations the fit converged.
final sum of squares of residuals : 3.07692e-05
rel. change during last iteration : -2.56976e-10

degrees of freedom    (FIT_NDF)                        : 2
rms of residuals      (FIT_STDFIT) = sqrt(WSSR/ndf)    : 0.00392232
variance of residuals (reduced chisquare) = WSSR/ndf   : 1.53846e-05

Final set of parameters            Asymptotic Standard Error
=======================            ==========================

a               = 0.00646154       +/- 0.0002176    (3.367%)
b               = 0.0695385        +/- 0.01031      (14.82%)


correlation matrix of the fit parameters:

               a      b      
a               1.000 
b              -0.982  1.000 


*******************************************************************************
Mon Oct 21 22:30:29 2013


FIT:    data read from 'dataSet1' using 1:2
        format = x:z
        #datapoints = 4
        residuals are weighted equally (unit weight)

function used for fitting: f(x)
fitted parameters initialized with current variable values



 Iteration 0
 WSSR        : 9205.76           delta(WSSR)/WSSR   : 0
 delta(WSSR) : 0                 limit for stopping : 1e-05
 lambda	  : 33.5

initial set of free parameter values

a               = 1
b               = 1

After 6 iterations the fit converged.
final sum of squares of residuals : 3.07692e-05
rel. change during last iteration : -2.56976e-10

degrees of freedom    (FIT_NDF)                        : 2
rms of residuals      (FIT_STDFIT) = sqrt(WSSR/ndf)    : 0.00392232
variance of residuals (reduced chisquare) = WSSR/ndf   : 1.53846e-05

Final set of parameters            Asymptotic Standard Error
=======================            ==========================

a               = 0.00646154       +/- 0.0002176    (3.367%)
b               = 0.0695385        +/- 0.01031      (14.82%)


correlation matrix of the fit parameters:

               a      b      
a               1.000 
b              -0.982  1.000 


*******************************************************************************
Mon Oct 21 22:32:39 2013


FIT:    data read from 'dataSet2' using 1:2
        format = x:z
        #datapoints = 5
        residuals are weighted equally (unit weight)

function used for fitting: f(x)
fitted parameters initialized with current variable values



 Iteration 0
 WSSR        : 11361.7           delta(WSSR)/WSSR   : 0
 delta(WSSR) : 0                 limit for stopping : 1e-05
 lambda	  : 33.4141

initial set of free parameter values

a               = 1
b               = 1

After 6 iterations the fit converged.
final sum of squares of residuals : 0.000296552
rel. change during last iteration : -1.04197e-12

degrees of freedom    (FIT_NDF)                        : 3
rms of residuals      (FIT_STDFIT) = sqrt(WSSR/ndf)    : 0.00994236
variance of residuals (reduced chisquare) = WSSR/ndf   : 9.88506e-05

Final set of parameters            Asymptotic Standard Error
=======================            ==========================

a               = 0.00462069       +/- 0.0004128    (8.934%)
b               = 0.339448         +/- 0.0195       (5.746%)


correlation matrix of the fit parameters:

               a      b      
a               1.000 
b              -0.974  1.000 


*******************************************************************************
Mon Oct 21 22:33:17 2013


FIT:    data read from 'dataSet2' using 1:2
        format = x:z
        #datapoints = 5
        residuals are weighted equally (unit weight)

function used for fitting: f(x)
fitted parameters initialized with current variable values



 Iteration 0
 WSSR        : 11361.7           delta(WSSR)/WSSR   : 0
 delta(WSSR) : 0                 limit for stopping : 1e-05
 lambda	  : 33.4141

initial set of free parameter values

a               = 1
b               = 1

After 6 iterations the fit converged.
final sum of squares of residuals : 0.000296552
rel. change during last iteration : -1.04197e-12

degrees of freedom    (FIT_NDF)                        : 3
rms of residuals      (FIT_STDFIT) = sqrt(WSSR/ndf)    : 0.00994236
variance of residuals (reduced chisquare) = WSSR/ndf   : 9.88506e-05

Final set of parameters            Asymptotic Standard Error
=======================            ==========================

a               = 0.00462069       +/- 0.0004128    (8.934%)
b               = 0.339448         +/- 0.0195       (5.746%)


correlation matrix of the fit parameters:

               a      b      
a               1.000 
b              -0.974  1.000 


*******************************************************************************
Mon Oct 21 22:35:40 2013


FIT:    data read from 'dataSet2' using 1:2
        format = x:z
        #datapoints = 5
        residuals are weighted equally (unit weight)

function used for fitting: f(x)
fitted parameters initialized with current variable values



 Iteration 0
 WSSR        : 11361.7           delta(WSSR)/WSSR   : 0
 delta(WSSR) : 0                 limit for stopping : 1e-05
 lambda	  : 33.4141

initial set of free parameter values

a               = 1
b               = 1

After 6 iterations the fit converged.
final sum of squares of residuals : 0.000296552
rel. change during last iteration : -1.04197e-12

degrees of freedom    (FIT_NDF)                        : 3
rms of residuals      (FIT_STDFIT) = sqrt(WSSR/ndf)    : 0.00994236
variance of residuals (reduced chisquare) = WSSR/ndf   : 9.88506e-05

Final set of parameters            Asymptotic Standard Error
=======================            ==========================

a               = 0.00462069       +/- 0.0004128    (8.934%)
b               = 0.339448         +/- 0.0195       (5.746%)


correlation matrix of the fit parameters:

               a      b      
a               1.000 
b              -0.974  1.000 


*******************************************************************************
Mon Oct 21 22:35:41 2013


FIT:    data read from 'dataSet1' using 1:2
        format = x:z
        #datapoints = 4
        residuals are weighted equally (unit weight)

function used for fitting: f(x)
fitted parameters initialized with current variable values



 Iteration 0
 WSSR        : 9205.76           delta(WSSR)/WSSR   : 0
 delta(WSSR) : 0                 limit for stopping : 1e-05
 lambda	  : 33.5

initial set of free parameter values

a               = 1
b               = 1

After 6 iterations the fit converged.
final sum of squares of residuals : 3.07692e-05
rel. change during last iteration : -2.56976e-10

degrees of freedom    (FIT_NDF)                        : 2
rms of residuals      (FIT_STDFIT) = sqrt(WSSR/ndf)    : 0.00392232
variance of residuals (reduced chisquare) = WSSR/ndf   : 1.53846e-05

Final set of parameters            Asymptotic Standard Error
=======================            ==========================

a               = 0.00646154       +/- 0.0002176    (3.367%)
b               = 0.0695385        +/- 0.01031      (14.82%)


correlation matrix of the fit parameters:

               a      b      
a               1.000 
b              -0.982  1.000 


*******************************************************************************
Mon Oct 21 22:41:23 2013


FIT:    data read from 'dataSet2' using 1:2
        format = x:z
        #datapoints = 5
        residuals are weighted equally (unit weight)

function used for fitting: f(x)
fitted parameters initialized with current variable values



 Iteration 0
 WSSR        : 11361.7           delta(WSSR)/WSSR   : 0
 delta(WSSR) : 0                 limit for stopping : 1e-05
 lambda	  : 33.4141

initial set of free parameter values

a               = 1
b               = 1

After 6 iterations the fit converged.
final sum of squares of residuals : 0.000296552
rel. change during last iteration : -1.04197e-12

degrees of freedom    (FIT_NDF)                        : 3
rms of residuals      (FIT_STDFIT) = sqrt(WSSR/ndf)    : 0.00994236
variance of residuals (reduced chisquare) = WSSR/ndf   : 9.88506e-05

Final set of parameters            Asymptotic Standard Error
=======================            ==========================

a               = 0.00462069       +/- 0.0004128    (8.934%)
b               = 0.339448         +/- 0.0195       (5.746%)


correlation matrix of the fit parameters:

               a      b      
a               1.000 
b              -0.974  1.000 


*******************************************************************************
Mon Oct 21 22:44:55 2013


FIT:    data read from 'dataSet2' using 1:2
        format = x:z
        #datapoints = 5
        residuals are weighted equally (unit weight)

function used for fitting: f(x)
fitted parameters initialized with current variable values



 Iteration 0
 WSSR        : 11361.7           delta(WSSR)/WSSR   : 0
 delta(WSSR) : 0                 limit for stopping : 1e-05
 lambda	  : 33.4141

initial set of free parameter values

a               = 1
b               = 1

After 6 iterations the fit converged.
final sum of squares of residuals : 0.000296552
rel. change during last iteration : -1.04197e-12

degrees of freedom    (FIT_NDF)                        : 3
rms of residuals      (FIT_STDFIT) = sqrt(WSSR/ndf)    : 0.00994236
variance of residuals (reduced chisquare) = WSSR/ndf   : 9.88506e-05

Final set of parameters            Asymptotic Standard Error
=======================            ==========================

a               = 0.00462069       +/- 0.0004128    (8.934%)
b               = 0.339448         +/- 0.0195       (5.746%)


correlation matrix of the fit parameters:

               a      b      
a               1.000 
b              -0.974  1.000 


*******************************************************************************
Mon Oct 21 22:45:40 2013


FIT:    data read from 'dataSet2' using 1:2
        format = x:z
        #datapoints = 5
        residuals are weighted equally (unit weight)

function used for fitting: f(x)
fitted parameters initialized with current variable values



 Iteration 0
 WSSR        : 11361.7           delta(WSSR)/WSSR   : 0
 delta(WSSR) : 0                 limit for stopping : 1e-05
 lambda	  : 33.4141

initial set of free parameter values

a               = 1
b               = 1

After 6 iterations the fit converged.
final sum of squares of residuals : 0.000296552
rel. change during last iteration : -1.04197e-12

degrees of freedom    (FIT_NDF)                        : 3
rms of residuals      (FIT_STDFIT) = sqrt(WSSR/ndf)    : 0.00994236
variance of residuals (reduced chisquare) = WSSR/ndf   : 9.88506e-05

Final set of parameters            Asymptotic Standard Error
=======================            ==========================

a               = 0.00462069       +/- 0.0004128    (8.934%)
b               = 0.339448         +/- 0.0195       (5.746%)


correlation matrix of the fit parameters:

               a      b      
a               1.000 
b              -0.974  1.000 


*******************************************************************************
Mon Oct 21 22:45:43 2013


FIT:    data read from 'dataSet1' using 1:2
        format = x:z
        #datapoints = 4
        residuals are weighted equally (unit weight)

function used for fitting: f(x)
fitted parameters initialized with current variable values



 Iteration 0
 WSSR        : 9205.76           delta(WSSR)/WSSR   : 0
 delta(WSSR) : 0                 limit for stopping : 1e-05
 lambda	  : 33.5

initial set of free parameter values

a               = 1
b               = 1

After 6 iterations the fit converged.
final sum of squares of residuals : 3.07692e-05
rel. change during last iteration : -2.56976e-10

degrees of freedom    (FIT_NDF)                        : 2
rms of residuals      (FIT_STDFIT) = sqrt(WSSR/ndf)    : 0.00392232
variance of residuals (reduced chisquare) = WSSR/ndf   : 1.53846e-05

Final set of parameters            Asymptotic Standard Error
=======================            ==========================

a               = 0.00646154       +/- 0.0002176    (3.367%)
b               = 0.0695385        +/- 0.01031      (14.82%)


correlation matrix of the fit parameters:

               a      b      
a               1.000 
b              -0.982  1.000 


*******************************************************************************
Mon Oct 21 22:46:38 2013


FIT:    data read from 'dataSet2' using 1:2
        format = x:z
        #datapoints = 5
        residuals are weighted equally (unit weight)

function used for fitting: f(x)
fitted parameters initialized with current variable values



 Iteration 0
 WSSR        : 11361.7           delta(WSSR)/WSSR   : 0
 delta(WSSR) : 0                 limit for stopping : 1e-05
 lambda	  : 33.4141

initial set of free parameter values

a               = 1
b               = 1

After 6 iterations the fit converged.
final sum of squares of residuals : 0.000296552
rel. change during last iteration : -1.04197e-12

degrees of freedom    (FIT_NDF)                        : 3
rms of residuals      (FIT_STDFIT) = sqrt(WSSR/ndf)    : 0.00994236
variance of residuals (reduced chisquare) = WSSR/ndf   : 9.88506e-05

Final set of parameters            Asymptotic Standard Error
=======================            ==========================

a               = 0.00462069       +/- 0.0004128    (8.934%)
b               = 0.339448         +/- 0.0195       (5.746%)


correlation matrix of the fit parameters:

               a      b      
a               1.000 
b              -0.974  1.000 


*******************************************************************************
Mon Oct 21 22:48:39 2013


FIT:    data read from 'dataSet2' using 1:2
        format = x:z
        #datapoints = 5
        residuals are weighted equally (unit weight)

function used for fitting: f(x)
fitted parameters initialized with current variable values



 Iteration 0
 WSSR        : 11361.7           delta(WSSR)/WSSR   : 0
 delta(WSSR) : 0                 limit for stopping : 1e-05
 lambda	  : 33.4141

initial set of free parameter values

a               = 1
b               = 1

After 6 iterations the fit converged.
final sum of squares of residuals : 0.000296552
rel. change during last iteration : -1.04197e-12

degrees of freedom    (FIT_NDF)                        : 3
rms of residuals      (FIT_STDFIT) = sqrt(WSSR/ndf)    : 0.00994236
variance of residuals (reduced chisquare) = WSSR/ndf   : 9.88506e-05

Final set of parameters            Asymptotic Standard Error
=======================            ==========================

a               = 0.00462069       +/- 0.0004128    (8.934%)
b               = 0.339448         +/- 0.0195       (5.746%)


correlation matrix of the fit parameters:

               a      b      
a               1.000 
b              -0.974  1.000 


*******************************************************************************
Mon Oct 21 22:50:19 2013


FIT:    data read from 'dataSet2' using 1:2
        format = x:z
        #datapoints = 5
        residuals are weighted equally (unit weight)

function used for fitting: f(x)
fitted parameters initialized with current variable values



 Iteration 0
 WSSR        : 11361.7           delta(WSSR)/WSSR   : 0
 delta(WSSR) : 0                 limit for stopping : 1e-05
 lambda	  : 33.4141

initial set of free parameter values

a               = 1
b               = 1

After 6 iterations the fit converged.
final sum of squares of residuals : 0.000296552
rel. change during last iteration : -1.04197e-12

degrees of freedom    (FIT_NDF)                        : 3
rms of residuals      (FIT_STDFIT) = sqrt(WSSR/ndf)    : 0.00994236
variance of residuals (reduced chisquare) = WSSR/ndf   : 9.88506e-05

Final set of parameters            Asymptotic Standard Error
=======================            ==========================

a               = 0.00462069       +/- 0.0004128    (8.934%)
b               = 0.339448         +/- 0.0195       (5.746%)


correlation matrix of the fit parameters:

               a      b      
a               1.000 
b              -0.974  1.000 


*******************************************************************************
Mon Oct 21 22:53:21 2013


FIT:    data read from 'dataSet2' using 1:2
        format = x:z
        #datapoints = 5
        residuals are weighted equally (unit weight)

function used for fitting: f(x)
fitted parameters initialized with current variable values



 Iteration 0
 WSSR        : 11361.7           delta(WSSR)/WSSR   : 0
 delta(WSSR) : 0                 limit for stopping : 1e-05
 lambda	  : 33.4141

initial set of free parameter values

a               = 1
b               = 1

After 6 iterations the fit converged.
final sum of squares of residuals : 0.000296552
rel. change during last iteration : -1.04197e-12

degrees of freedom    (FIT_NDF)                        : 3
rms of residuals      (FIT_STDFIT) = sqrt(WSSR/ndf)    : 0.00994236
variance of residuals (reduced chisquare) = WSSR/ndf   : 9.88506e-05

Final set of parameters            Asymptotic Standard Error
=======================            ==========================

a               = 0.00462069       +/- 0.0004128    (8.934%)
b               = 0.339448         +/- 0.0195       (5.746%)


correlation matrix of the fit parameters:

               a      b      
a               1.000 
b              -0.974  1.000 


*******************************************************************************
Mon Oct 21 22:55:48 2013


FIT:    data read from 'dataSet2' using 1:2
        format = x:z
        #datapoints = 5
        residuals are weighted equally (unit weight)

function used for fitting: f(x)
fitted parameters initialized with current variable values



 Iteration 0
 WSSR        : 11361.7           delta(WSSR)/WSSR   : 0
 delta(WSSR) : 0                 limit for stopping : 1e-05
 lambda	  : 33.4141

initial set of free parameter values

a               = 1
b               = 1

After 6 iterations the fit converged.
final sum of squares of residuals : 0.000296552
rel. change during last iteration : -1.04197e-12

degrees of freedom    (FIT_NDF)                        : 3
rms of residuals      (FIT_STDFIT) = sqrt(WSSR/ndf)    : 0.00994236
variance of residuals (reduced chisquare) = WSSR/ndf   : 9.88506e-05

Final set of parameters            Asymptotic Standard Error
=======================            ==========================

a               = 0.00462069       +/- 0.0004128    (8.934%)
b               = 0.339448         +/- 0.0195       (5.746%)


correlation matrix of the fit parameters:

               a      b      
a               1.000 
b              -0.974  1.000 


*******************************************************************************
Mon Oct 21 22:56:40 2013


FIT:    data read from 'dataSet2' using 1:2
        format = x:z
        #datapoints = 5
        residuals are weighted equally (unit weight)

function used for fitting: f(x)
fitted parameters initialized with current variable values



 Iteration 0
 WSSR        : 11361.7           delta(WSSR)/WSSR   : 0
 delta(WSSR) : 0                 limit for stopping : 1e-05
 lambda	  : 33.4141

initial set of free parameter values

a               = 1
b               = 1

After 6 iterations the fit converged.
final sum of squares of residuals : 0.000296552
rel. change during last iteration : -1.04197e-12

degrees of freedom    (FIT_NDF)                        : 3
rms of residuals      (FIT_STDFIT) = sqrt(WSSR/ndf)    : 0.00994236
variance of residuals (reduced chisquare) = WSSR/ndf   : 9.88506e-05

Final set of parameters            Asymptotic Standard Error
=======================            ==========================

a               = 0.00462069       +/- 0.0004128    (8.934%)
b               = 0.339448         +/- 0.0195       (5.746%)


correlation matrix of the fit parameters:

               a      b      
a               1.000 
b              -0.974  1.000 


*******************************************************************************
Mon Oct 21 22:57:23 2013


FIT:    data read from 'dataSet2' using 1:2
        format = x:z
        #datapoints = 5
        residuals are weighted equally (unit weight)

function used for fitting: f(x)
fitted parameters initialized with current variable values



 Iteration 0
 WSSR        : 11361.7           delta(WSSR)/WSSR   : 0
 delta(WSSR) : 0                 limit for stopping : 1e-05
 lambda	  : 33.4141

initial set of free parameter values

a               = 1
b               = 1

After 6 iterations the fit converged.
final sum of squares of residuals : 0.000296552
rel. change during last iteration : -1.04197e-12

degrees of freedom    (FIT_NDF)                        : 3
rms of residuals      (FIT_STDFIT) = sqrt(WSSR/ndf)    : 0.00994236
variance of residuals (reduced chisquare) = WSSR/ndf   : 9.88506e-05

Final set of parameters            Asymptotic Standard Error
=======================            ==========================

a               = 0.00462069       +/- 0.0004128    (8.934%)
b               = 0.339448         +/- 0.0195       (5.746%)


correlation matrix of the fit parameters:

               a      b      
a               1.000 
b              -0.974  1.000 


*******************************************************************************
Mon Oct 21 22:58:34 2013


FIT:    data read from 'dataSet1' using 1:2
        format = x:z
        #datapoints = 4
        residuals are weighted equally (unit weight)

function used for fitting: f(x)
fitted parameters initialized with current variable values



 Iteration 0
 WSSR        : 9205.76           delta(WSSR)/WSSR   : 0
 delta(WSSR) : 0                 limit for stopping : 1e-05
 lambda	  : 33.5

initial set of free parameter values

a               = 1
b               = 1

After 6 iterations the fit converged.
final sum of squares of residuals : 3.07692e-05
rel. change during last iteration : -2.56976e-10

degrees of freedom    (FIT_NDF)                        : 2
rms of residuals      (FIT_STDFIT) = sqrt(WSSR/ndf)    : 0.00392232
variance of residuals (reduced chisquare) = WSSR/ndf   : 1.53846e-05

Final set of parameters            Asymptotic Standard Error
=======================            ==========================

a               = 0.00646154       +/- 0.0002176    (3.367%)
b               = 0.0695385        +/- 0.01031      (14.82%)


correlation matrix of the fit parameters:

               a      b      
a               1.000 
b              -0.982  1.000 


*******************************************************************************
Mon Oct 21 22:58:49 2013


FIT:    data read from 'dataSet2' using 1:2
        format = x:z
        #datapoints = 5
        residuals are weighted equally (unit weight)

function used for fitting: f(x)
fitted parameters initialized with current variable values



 Iteration 0
 WSSR        : 11361.7           delta(WSSR)/WSSR   : 0
 delta(WSSR) : 0                 limit for stopping : 1e-05
 lambda	  : 33.4141

initial set of free parameter values

a               = 1
b               = 1

After 6 iterations the fit converged.
final sum of squares of residuals : 0.000296552
rel. change during last iteration : -1.04197e-12

degrees of freedom    (FIT_NDF)                        : 3
rms of residuals      (FIT_STDFIT) = sqrt(WSSR/ndf)    : 0.00994236
variance of residuals (reduced chisquare) = WSSR/ndf   : 9.88506e-05

Final set of parameters            Asymptotic Standard Error
=======================            ==========================

a               = 0.00462069       +/- 0.0004128    (8.934%)
b               = 0.339448         +/- 0.0195       (5.746%)


correlation matrix of the fit parameters:

               a      b      
a               1.000 
b              -0.974  1.000 


*******************************************************************************
Mon Oct 21 22:58:51 2013


FIT:    data read from 'dataSet1' using 1:2
        format = x:z
        #datapoints = 4
        residuals are weighted equally (unit weight)

function used for fitting: f(x)
fitted parameters initialized with current variable values



 Iteration 0
 WSSR        : 9205.76           delta(WSSR)/WSSR   : 0
 delta(WSSR) : 0                 limit for stopping : 1e-05
 lambda	  : 33.5

initial set of free parameter values

a               = 1
b               = 1

After 6 iterations the fit converged.
final sum of squares of residuals : 3.07692e-05
rel. change during last iteration : -2.56976e-10

degrees of freedom    (FIT_NDF)                        : 2
rms of residuals      (FIT_STDFIT) = sqrt(WSSR/ndf)    : 0.00392232
variance of residuals (reduced chisquare) = WSSR/ndf   : 1.53846e-05

Final set of parameters            Asymptotic Standard Error
=======================            ==========================

a               = 0.00646154       +/- 0.0002176    (3.367%)
b               = 0.0695385        +/- 0.01031      (14.82%)


correlation matrix of the fit parameters:

               a      b      
a               1.000 
b              -0.982  1.000 


*******************************************************************************
Mon Oct 21 22:59:46 2013


FIT:    data read from 'dataSet1' using 1:2
        format = x:z
        #datapoints = 4
        residuals are weighted equally (unit weight)

function used for fitting: f(x)
fitted parameters initialized with current variable values



 Iteration 0
 WSSR        : 9205.76           delta(WSSR)/WSSR   : 0
 delta(WSSR) : 0                 limit for stopping : 1e-05
 lambda	  : 33.5

initial set of free parameter values

a               = 1
b               = 1

After 6 iterations the fit converged.
final sum of squares of residuals : 3.07692e-05
rel. change during last iteration : -2.56976e-10

degrees of freedom    (FIT_NDF)                        : 2
rms of residuals      (FIT_STDFIT) = sqrt(WSSR/ndf)    : 0.00392232
variance of residuals (reduced chisquare) = WSSR/ndf   : 1.53846e-05

Final set of parameters            Asymptotic Standard Error
=======================            ==========================

a               = 0.00646154       +/- 0.0002176    (3.367%)
b               = 0.0695385        +/- 0.01031      (14.82%)


correlation matrix of the fit parameters:

               a      b      
a               1.000 
b              -0.982  1.000 
