#
# There is insufficient memory for the Java Runtime Environment to continue.
# Native memory allocation (mmap) failed to map 83886080 bytes for committing reserved memory.
# Possible reasons:
#   The system is out of physical RAM or swap space
#   In 32 bit mode, the process size limit was hit
# Possible solutions:
#   Reduce memory load on the system
#   Increase physical memory or swap space
#   Check if swap backing store is full
#   Use 64 bit Java on a 64 bit OS
#   Decrease Java heap size (-Xmx/-Xms)
#   Decrease number of Java threads
#   Decrease Java thread stack sizes (-Xss)
#   Set larger code cache with -XX:ReservedCodeCacheSize=
# This output file may be truncated or incomplete.
#
#  Out of Memory Error (os_linux.cpp:2673), pid=31537, tid=140104796444416
#
# JRE version: OpenJDK Runtime Environment (8.0_40-b20) (build 1.8.0_40-b20)
# Java VM: OpenJDK 64-Bit Server VM (25.40-b23 mixed mode linux-amd64 compressed oops)
# Failed to write core dump. Core dumps have been disabled. To enable core dumping, try "ulimit -c unlimited" before starting Java again
#

---------------  T H R E A D  ---------------

Current thread (0x00007f6cc0075800):  VMThread [stack: 0x00007f6cb08f9000,0x00007f6cb09fa000] [id=31550]

Stack: [0x00007f6cb08f9000,0x00007f6cb09fa000],  sp=0x00007f6cb09f84d0,  free space=1021k
Native frames: (J=compiled Java code, j=interpreted, Vv=VM code, C=native code)
V  [libjvm.so+0xa8e69d]
V  [libjvm.so+0x4e856c]
V  [libjvm.so+0x8df110]
V  [libjvm.so+0x8d98de]
V  [libjvm.so+0x952cdb]
V  [libjvm.so+0x954043]
V  [libjvm.so+0x950cce]
V  [libjvm.so+0x950fbc]
V  [libjvm.so+0x903a63]
V  [libjvm.so+0xa90112]
V  [libjvm.so+0xa94c17]
V  [libjvm.so+0xa92f1c]
V  [libjvm.so+0xa93737]
V  [libjvm.so+0xa93c71]
V  [libjvm.so+0x8dc612]

VM_Operation (0x00007f6cc8c5a180): ParallelGCFailedAllocation, mode: safepoint, requested by thread 0x00007f6cc0008800


---------------  P R O C E S S  ---------------

Java Threads: ( => current thread )
  0x00007f6cc0d0b000 JavaThread "process reaper" daemon [_thread_blocked, id=31570, stack(0x00007f6caa14d000,0x00007f6caa186000)]
  0x00007f6cc00bf800 JavaThread "Service Thread" daemon [_thread_blocked, id=31557, stack(0x00007f6cabeff000,0x00007f6cac000000)]
  0x00007f6cc00ba800 JavaThread "C1 CompilerThread2" daemon [_thread_blocked, id=31556, stack(0x00007f6cb0038000,0x00007f6cb0139000)]
  0x00007f6cc00b8800 JavaThread "C2 CompilerThread1" daemon [_thread_in_native, id=31555, stack(0x00007f6cb0139000,0x00007f6cb023a000)]
  0x00007f6cc00b6000 JavaThread "C2 CompilerThread0" daemon [_thread_blocked, id=31554, stack(0x00007f6cb023a000,0x00007f6cb033b000)]
  0x00007f6cc00b4800 JavaThread "Signal Dispatcher" daemon [_thread_blocked, id=31553, stack(0x00007f6cb033b000,0x00007f6cb043c000)]
  0x00007f6cc007c800 JavaThread "Finalizer" daemon [_thread_blocked, id=31552, stack(0x00007f6cb06f7000,0x00007f6cb07f8000)]
  0x00007f6cc007a800 JavaThread "Reference Handler" daemon [_thread_blocked, id=31551, stack(0x00007f6cb07f8000,0x00007f6cb08f9000)]
  0x00007f6cc0008800 JavaThread "main" [_thread_blocked, id=31545, stack(0x00007f6cc8b5f000,0x00007f6cc8c60000)]

Other Threads:
=>0x00007f6cc0075800 VMThread [stack: 0x00007f6cb08f9000,0x00007f6cb09fa000] [id=31550]
  0x00007f6cc00c2000 WatcherThread [stack: 0x00007f6cabdfe000,0x00007f6cabeff000] [id=31558]

VM state:at safepoint (normal execution)

VM Mutex/Monitor currently owned by a thread:  ([mutex/lock_event])
[0x00007f6cc0005f50] Threads_lock - owner thread: 0x00007f6cc0075800
[0x00007f6cc0006450] Heap_lock - owner thread: 0x00007f6cc0008800

Heap:
 PSYoungGen      total 66048K, used 2560K [0x00000000ebd80000, 0x00000000f0080000, 0x0000000100000000)
  eden space 63488K, 0% used [0x00000000ebd80000,0x00000000ebd80000,0x00000000efb80000)
  from space 2560K, 100% used [0x00000000efb80000,0x00000000efe00000,0x00000000efe00000)
  to   space 2560K, 0% used [0x00000000efe00000,0x00000000efe00000,0x00000000f0080000)
 ParOldGen       total 42496K, used 17958K [0x00000000c3800000, 0x00000000c6180000, 0x00000000ebd80000)
  object space 42496K, 42% used [0x00000000c3800000,0x00000000c4989888,0x00000000c6180000)
 Metaspace       used 19542K, capacity 20032K, committed 20224K, reserved 1067008K
  class space    used 2573K, capacity 2742K, committed 2816K, reserved 1048576K

Card table byte_map: [0x00007f6cc5bd8000,0x00007f6cc5dbd000] byte_map_base: 0x00007f6cc55bc000

Marking Bits: (ParMarkBitMap*) 0x00007f6cc7e5b580
 Begin Bits: [0x00007f6c9f1c0000, 0x00007f6ca00e0000)
 End Bits:   [0x00007f6ca00e0000, 0x00007f6ca1000000)

Polling page: 0x00007f6cc8c8f000

CodeCache: size=245760Kb used=7142Kb max_used=7142Kb free=238617Kb
 bounds [0x00007f6cb1000000, 0x00007f6cb1700000, 0x00007f6cc0000000]
 total_blobs=2374 nmethods=1784 adapters=504
 compilation: enabled

Compilation events (10 events):
Event: 2,544 Thread 0x00007f6cc00ba800 1803       2       sun.util.calendar.CalendarDate::getTimeOfDay (21 bytes)
Event: 2,545 Thread 0x00007f6cc00ba800 nmethod 1803 0x00007f6cb16fb850 code [0x00007f6cb16fb9a0, 0x00007f6cb16fbb30]
Event: 2,545 Thread 0x00007f6cc00ba800 1804       2       java.util.AbstractList$Itr::<init> (6 bytes)
Event: 2,545 Thread 0x00007f6cc00ba800 nmethod 1804 0x00007f6cb16fbbd0 code [0x00007f6cb16fbd20, 0x00007f6cb16fbeb0]
Event: 2,545 Thread 0x00007f6cc00ba800 1805       2       java.util.AbstractList$Itr::<init> (31 bytes)
Event: 2,545 Thread 0x00007f6cc00ba800 nmethod 1805 0x00007f6cb16fbf90 code [0x00007f6cb16fc0e0, 0x00007f6cb16fc270]
Event: 2,545 Thread 0x00007f6cc00ba800 1806       2       java.util.AbstractList::iterator (10 bytes)
Event: 2,546 Thread 0x00007f6cc00ba800 nmethod 1806 0x00007f6cb16fc310 code [0x00007f6cb16fc480, 0x00007f6cb16fc650]
Event: 2,547 Thread 0x00007f6cc00ba800 1807       2       org.gradle.api.internal.coerce.TypeCoercingMethodArgumentsTransformer$1::transform (100 bytes)
Event: 2,548 Thread 0x00007f6cc00ba800 nmethod 1807 0x00007f6cb16fc6d0 code [0x00007f6cb16fc8c0, 0x00007f6cb16fcc98]

GC Heap History (9 events):
Event: 0,475 GC heap before
{Heap before GC invocations=1 (full 0):
 PSYoungGen      total 18432K, used 15872K [0x00000000ebd80000, 0x00000000ed200000, 0x0000000100000000)
  eden space 15872K, 100% used [0x00000000ebd80000,0x00000000ecd00000,0x00000000ecd00000)
  from space 2560K, 0% used [0x00000000ecf80000,0x00000000ecf80000,0x00000000ed200000)
  to   space 2560K, 0% used [0x00000000ecd00000,0x00000000ecd00000,0x00000000ecf80000)
 ParOldGen       total 42496K, used 0K [0x00000000c3800000, 0x00000000c6180000, 0x00000000ebd80000)
  object space 42496K, 0% used [0x00000000c3800000,0x00000000c3800000,0x00000000c6180000)
 Metaspace       used 6711K, capacity 6924K, committed 7168K, reserved 1056768K
  class space    used 827K, capacity 900K, committed 1024K, reserved 1048576K
Event: 0,492 GC heap after
Heap after GC invocations=1 (full 0):
 PSYoungGen      total 18432K, used 2544K [0x00000000ebd80000, 0x00000000ee180000, 0x0000000100000000)
  eden space 15872K, 0% used [0x00000000ebd80000,0x00000000ebd80000,0x00000000ecd00000)
  from space 2560K, 99% used [0x00000000ecd00000,0x00000000ecf7c010,0x00000000ecf80000)
  to   space 2560K, 0% used [0x00000000edf00000,0x00000000edf00000,0x00000000ee180000)
 ParOldGen       total 42496K, used 804K [0x00000000c3800000, 0x00000000c6180000, 0x00000000ebd80000)
  object space 42496K, 1% used [0x00000000c3800000,0x00000000c38c93a0,0x00000000c6180000)
 Metaspace       used 6711K, capacity 6924K, committed 7168K, reserved 1056768K
  class space    used 827K, capacity 900K, committed 1024K, reserved 1048576K
}
Event: 0,646 GC heap before
{Heap before GC invocations=2 (full 0):
 PSYoungGen      total 18432K, used 18416K [0x00000000ebd80000, 0x00000000ee180000, 0x0000000100000000)
  eden space 15872K, 100% used [0x00000000ebd80000,0x00000000ecd00000,0x00000000ecd00000)
  from space 2560K, 99% used [0x00000000ecd00000,0x00000000ecf7c010,0x00000000ecf80000)
  to   space 2560K, 0% used [0x00000000edf00000,0x00000000edf00000,0x00000000ee180000)
 ParOldGen       total 42496K, used 804K [0x00000000c3800000, 0x00000000c6180000, 0x00000000ebd80000)
  object space 42496K, 1% used [0x00000000c3800000,0x00000000c38c93a0,0x00000000c6180000)
 Metaspace       used 8091K, capacity 8300K, committed 8576K, reserved 1056768K
  class space    used 996K, capacity 1060K, committed 1152K, reserved 1048576K
Event: 0,652 GC heap after
Heap after GC invocations=2 (full 0):
 PSYoungGen      total 34304K, used 2548K [0x00000000ebd80000, 0x00000000ee180000, 0x0000000100000000)
  eden space 31744K, 0% used [0x00000000ebd80000,0x00000000ebd80000,0x00000000edc80000)
  from space 2560K, 99% used [0x00000000edf00000,0x00000000ee17d078,0x00000000ee180000)
  to   space 2560K, 0% used [0x00000000edc80000,0x00000000edc80000,0x00000000edf00000)
 ParOldGen       total 42496K, used 1818K [0x00000000c3800000, 0x00000000c6180000, 0x00000000ebd80000)
  object space 42496K, 4% used [0x00000000c3800000,0x00000000c39c68c0,0x00000000c6180000)
 Metaspace       used 8091K, capacity 8300K, committed 8576K, reserved 1056768K
  class space    used 996K, capacity 1060K, committed 1152K, reserved 1048576K
}
Event: 0,937 GC heap before
{Heap before GC invocations=3 (full 0):
 PSYoungGen      total 34304K, used 34292K [0x00000000ebd80000, 0x00000000ee180000, 0x0000000100000000)
  eden space 31744K, 100% used [0x00000000ebd80000,0x00000000edc80000,0x00000000edc80000)
  from space 2560K, 99% used [0x00000000edf00000,0x00000000ee17d078,0x00000000ee180000)
  to   space 2560K, 0% used [0x00000000edc80000,0x00000000edc80000,0x00000000edf00000)
 ParOldGen       total 42496K, used 1818K [0x00000000c3800000, 0x00000000c6180000, 0x00000000ebd80000)
  object space 42496K, 4% used [0x00000000c3800000,0x00000000c39c68c0,0x00000000c6180000)
 Metaspace       used 9651K, capacity 9986K, committed 10112K, reserved 1058816K
  class space    used 1251K, capacity 1365K, committed 1408K, reserved 1048576K
Event: 0,944 GC heap after
Heap after GC invocations=3 (full 0):
 PSYoungGen      total 34304K, used 2544K [0x00000000ebd80000, 0x00000000f0080000, 0x0000000100000000)
  eden space 31744K, 0% used [0x00000000ebd80000,0x00000000ebd80000,0x00000000edc80000)
  from space 2560K, 99% used [0x00000000edc80000,0x00000000edefc030,0x00000000edf00000)
  to   space 2560K, 0% used [0x00000000efe00000,0x00000000efe00000,0x00000000f0080000)
 ParOldGen       total 42496K, used 4439K [0x00000000c3800000, 0x00000000c6180000, 0x00000000ebd80000)
  object space 42496K, 10% used [0x00000000c3800000,0x00000000c3c55da8,0x00000000c6180000)
 Metaspace       used 9651K, capacity 9986K, committed 10112K, reserved 1058816K
  class space    used 1251K, capacity 1365K, committed 1408K, reserved 1048576K
}
Event: 1,436 GC heap before
{Heap before GC invocations=4 (full 0):
 PSYoungGen      total 34304K, used 34288K [0x00000000ebd80000, 0x00000000f0080000, 0x0000000100000000)
  eden space 31744K, 100% used [0x00000000ebd80000,0x00000000edc80000,0x00000000edc80000)
  from space 2560K, 99% used [0x00000000edc80000,0x00000000edefc030,0x00000000edf00000)
  to   space 2560K, 0% used [0x00000000efe00000,0x00000000efe00000,0x00000000f0080000)
 ParOldGen       total 42496K, used 4439K [0x00000000c3800000, 0x00000000c6180000, 0x00000000ebd80000)
  object space 42496K, 10% used [0x00000000c3800000,0x00000000c3c55da8,0x00000000c6180000)
 Metaspace       used 14869K, capacity 15238K, committed 15488K, reserved 1062912K
  class space    used 1925K, capacity 2071K, committed 2176K, reserved 1048576K
Event: 1,471 GC heap after
Heap after GC invocations=4 (full 0):
 PSYoungGen      total 66048K, used 2544K [0x00000000ebd80000, 0x00000000f0080000, 0x0000000100000000)
  eden space 63488K, 0% used [0x00000000ebd80000,0x00000000ebd80000,0x00000000efb80000)
  from space 2560K, 99% used [0x00000000efe00000,0x00000000f007c3c0,0x00000000f0080000)
  to   space 2560K, 0% used [0x00000000efb80000,0x00000000efb80000,0x00000000efe00000)
 ParOldGen       total 42496K, used 9703K [0x00000000c3800000, 0x00000000c6180000, 0x00000000ebd80000)
  object space 42496K, 22% used [0x00000000c3800000,0x00000000c4179cf8,0x00000000c6180000)
 Metaspace       used 14869K, capacity 15238K, committed 15488K, reserved 1062912K
  class space    used 1925K, capacity 2071K, committed 2176K, reserved 1048576K
}
Event: 2,554 GC heap before
{Heap before GC invocations=5 (full 0):
 PSYoungGen      total 66048K, used 66032K [0x00000000ebd80000, 0x00000000f0080000, 0x0000000100000000)
  eden space 63488K, 100% used [0x00000000ebd80000,0x00000000efb80000,0x00000000efb80000)
  from space 2560K, 99% used [0x00000000efe00000,0x00000000f007c3c0,0x00000000f0080000)
  to   space 2560K, 0% used [0x00000000efb80000,0x00000000efb80000,0x00000000efe00000)
 ParOldGen       total 42496K, used 9703K [0x00000000c3800000, 0x00000000c6180000, 0x00000000ebd80000)
  object space 42496K, 22% used [0x00000000c3800000,0x00000000c4179cf8,0x00000000c6180000)
 Metaspace       used 19542K, capacity 20032K, committed 20224K, reserved 1067008K
  class space    used 2573K, capacity 2742K, committed 2816K, reserved 1048576K

Deoptimization events (10 events):
Event: 1,689 Thread 0x00007f6cc0008800 Uncommon trap: reason=class_check action=maybe_recompile pc=0x00007f6cb13db998 method=sun.misc.ProxyGenerator$ConstantPool$IndirectEntry.equals(Ljava/lang/Object;)Z @ 1
Event: 1,804 Thread 0x00007f6cc0008800 Uncommon trap: reason=unstable_if action=reinterpret pc=0x00007f6cb12abca0 method=java.io.UnixFileSystem.normalize(Ljava/lang/String;)Ljava/lang/String; @ 60
Event: 1,804 Thread 0x00007f6cc0008800 Uncommon trap: reason=class_check action=maybe_recompile pc=0x00007f6cb133f344 method=sun.misc.URLClassPath.getLoader(I)Lsun/misc/URLClassPath$Loader; @ 94
Event: 1,804 Thread 0x00007f6cc0008800 Uncommon trap: reason=class_check action=maybe_recompile pc=0x00007f6cb12d52ac method=sun.misc.URLClassPath.getResource(Ljava/lang/String;Z)Lsun/misc/Resource; @ 62
Event: 1,818 Thread 0x00007f6cc0008800 Uncommon trap: reason=class_check action=maybe_recompile pc=0x00007f6cb133f3ac method=sun.misc.URLClassPath.getLoader(I)Lsun/misc/URLClassPath$Loader; @ 193
Event: 1,819 Thread 0x00007f6cc0008800 Uncommon trap: reason=class_check action=maybe_recompile pc=0x00007f6cb133f3ac method=sun.misc.URLClassPath.getLoader(I)Lsun/misc/URLClassPath$Loader; @ 193
Event: 2,327 Thread 0x00007f6cc0008800 Uncommon trap: reason=class_check action=maybe_recompile pc=0x00007f6cb13db998 method=sun.misc.ProxyGenerator$ConstantPool$IndirectEntry.equals(Ljava/lang/Object;)Z @ 1
Event: 2,327 Thread 0x00007f6cc0008800 Uncommon trap: reason=class_check action=maybe_recompile pc=0x00007f6cb13db998 method=sun.misc.ProxyGenerator$ConstantPool$IndirectEntry.equals(Ljava/lang/Object;)Z @ 1
Event: 2,334 Thread 0x00007f6cc0008800 Uncommon trap: reason=unstable_if action=reinterpret pc=0x00007f6cb12861cc method=java.util.HashMap.hash(Ljava/lang/Object;)I @ 1
Event: 2,334 Thread 0x00007f6cc0008800 Uncommon trap: reason=unstable_if action=reinterpret pc=0x00007f6cb1494f4c method=java.util.HashMap.hash(Ljava/lang/Object;)I @ 1

Internal exceptions (10 events):
Event: 2,517 Thread 0x00007f6cc0008800 Exception <a 'java/lang/ClassNotFoundException': org/gradle/api/tasks/diagnostics/DependencyInsightReportTaskBeanInfo> (0x00000000ef8f6758) thrown at [/build/java8-openjdk/src/jdk8u-jdk8u40-b20/hotspot/src/share/vm/classfile/systemDictionary.cpp, line 210
Event: 2,519 Thread 0x00007f6cc0008800 Exception <a 'java/lang/ClassNotFoundException': org/gradle/api/tasks/diagnostics/DependencyInsightReportTaskCustomizer> (0x00000000ef923130) thrown at [/build/java8-openjdk/src/jdk8u-jdk8u40-b20/hotspot/src/share/vm/classfile/systemDictionary.cpp, line 2
Event: 2,529 Thread 0x00007f6cc0008800 Exception <a 'java/lang/ClassNotFoundException': org/gradle/api/tasks/diagnostics/DependencyInsightReportTask_DecoratedBeanInfo> (0x00000000ef9e4208) thrown at [/build/java8-openjdk/src/jdk8u-jdk8u40-b20/hotspot/src/share/vm/classfile/systemDictionary.cpp
Event: 2,531 Thread 0x00007f6cc0008800 Exception <a 'java/lang/ClassNotFoundException': org/gradle/api/tasks/diagnostics/DependencyInsightReportTask_DecoratedCustomizer> (0x00000000efa15f68) thrown at [/build/java8-openjdk/src/jdk8u-jdk8u40-b20/hotspot/src/share/vm/classfile/systemDictionary.c
Event: 2,535 Thread 0x00007f6cc0008800 Exception <a 'java/lang/ClassNotFoundException': org/gradle/logging/internal/DefaultStyledTextOutputFactoryBeanInfo> (0x00000000efa73410) thrown at [/build/java8-openjdk/src/jdk8u-jdk8u40-b20/hotspot/src/share/vm/classfile/systemDictionary.cpp, line 210]
Event: 2,536 Thread 0x00007f6cc0008800 Exception <a 'java/lang/ClassNotFoundException': org/gradle/logging/internal/AbstractStyledTextOutputFactoryBeanInfo> (0x00000000efa87220) thrown at [/build/java8-openjdk/src/jdk8u-jdk8u40-b20/hotspot/src/share/vm/classfile/systemDictionary.cpp, line 210]
Event: 2,536 Thread 0x00007f6cc0008800 Exception <a 'java/lang/ClassNotFoundException': org/gradle/logging/internal/AbstractStyledTextOutputFactoryCustomizer> (0x00000000efa9b160) thrown at [/build/java8-openjdk/src/jdk8u-jdk8u40-b20/hotspot/src/share/vm/classfile/systemDictionary.cpp, line 21
Event: 2,537 Thread 0x00007f6cc0008800 Exception <a 'java/lang/ClassNotFoundException': org/gradle/logging/internal/DefaultStyledTextOutputFactoryCustomizer> (0x00000000efab2130) thrown at [/build/java8-openjdk/src/jdk8u-jdk8u40-b20/hotspot/src/share/vm/classfile/systemDictionary.cpp, line 210
Event: 2,542 Thread 0x00007f6cc0008800 Exception <a 'java/lang/ClassNotFoundException': org/gradle/internal/graph/GraphRendererBeanInfo> (0x00000000efae6638) thrown at [/build/java8-openjdk/src/jdk8u-jdk8u40-b20/hotspot/src/share/vm/classfile/systemDictionary.cpp, line 210]
Event: 2,542 Thread 0x00007f6cc0008800 Exception <a 'java/lang/ClassNotFoundException': org/gradle/internal/graph/GraphRendererCustomizer> (0x00000000efaf5e90) thrown at [/build/java8-openjdk/src/jdk8u-jdk8u40-b20/hotspot/src/share/vm/classfile/systemDictionary.cpp, line 210]

Events (10 events):
Event: 2,548 loading class org/gradle/api/plugins/JavaPlugin done
Event: 2,549 loading class org/gradle/api/tasks/bundling/Jar
Event: 2,549 loading class org/gradle/api/tasks/bundling/Jar done
Event: 2,550 loading class org/gradle/api/tasks/bundling/Jar
Event: 2,550 loading class org/gradle/api/tasks/bundling/Jar done
Event: 2,551 loading class org/gradle/api/tasks/bundling/Zip
Event: 2,551 loading class org/gradle/api/tasks/bundling/Zip done
Event: 2,552 loading class org/gradle/api/plugins/HelpTasksPlugin$_apply_closure5_closure7
Event: 2,552 loading class org/gradle/api/plugins/HelpTasksPlugin$_apply_closure5_closure7 done
Event: 2,552 Executing VM operation: ParallelGCFailedAllocation


Dynamic libraries:
00400000-00401000 r-xp 00000000 fe:00 136002                             /usr/lib/jvm/java-8-openjdk/jre/bin/java
00600000-00601000 rw-p 00000000 fe:00 136002                             /usr/lib/jvm/java-8-openjdk/jre/bin/java
01455000-01476000 rw-p 00000000 00:00 0                                  [heap]
c3800000-c6180000 rw-p 00000000 00:00 0 
c6180000-ebd80000 ---p 00000000 00:00 0 
ebd80000-f0080000 rw-p 00000000 00:00 0 
f5080000-100000000 ---p 00000000 00:00 0 
100000000-1002c0000 rw-p 00000000 00:00 0 
1002c0000-140000000 ---p 00000000 00:00 0 
7f6c68000000-7f6c68021000 rw-p 00000000 00:00 0 
7f6c68021000-7f6c6c000000 ---p 00000000 00:00 0 
7f6c70000000-7f6c70021000 rw-p 00000000 00:00 0 
7f6c70021000-7f6c74000000 ---p 00000000 00:00 0 
7f6c74000000-7f6c74021000 rw-p 00000000 00:00 0 
7f6c74021000-7f6c78000000 ---p 00000000 00:00 0 
7f6c78000000-7f6c79dc6000 rw-p 00000000 00:00 0 
7f6c79dc6000-7f6c7c000000 ---p 00000000 00:00 0 
7f6c7c000000-7f6c7c99b000 rw-p 00000000 00:00 0 
7f6c7c99b000-7f6c80000000 ---p 00000000 00:00 0 
7f6c80000000-7f6c80021000 rw-p 00000000 00:00 0 
7f6c80021000-7f6c84000000 ---p 00000000 00:00 0 
7f6c84000000-7f6c857e1000 rw-p 00000000 00:00 0 
7f6c857e1000-7f6c88000000 ---p 00000000 00:00 0 
7f6c88000000-7f6c88021000 rw-p 00000000 00:00 0 
7f6c88021000-7f6c8c000000 ---p 00000000 00:00 0 
7f6c8c000000-7f6c8c021000 rw-p 00000000 00:00 0 
7f6c8c021000-7f6c90000000 ---p 00000000 00:00 0 
7f6c90000000-7f6c90021000 rw-p 00000000 00:00 0 
7f6c90021000-7f6c94000000 ---p 00000000 00:00 0 
7f6c94000000-7f6c94021000 rw-p 00000000 00:00 0 
7f6c94021000-7f6c98000000 ---p 00000000 00:00 0 
7f6c98000000-7f6c98021000 rw-p 00000000 00:00 0 
7f6c98021000-7f6c9c000000 ---p 00000000 00:00 0 
7f6c9f1c0000-7f6ca1000000 rw-p 00000000 00:00 0 
7f6ca4000000-7f6ca4021000 rw-p 00000000 00:00 0 
7f6ca4021000-7f6ca8000000 ---p 00000000 00:00 0 
7f6ca9651000-7f6ca9751000 rw-p 00000000 00:00 0 
7f6ca9751000-7f6ca9851000 ---p 00000000 00:00 0 
7f6ca9d57000-7f6ca9f57000 rw-p 00000000 00:00 0 
7f6caa14c000-7f6caa14d000 rw-p 00000000 00:00 0 
7f6caa14d000-7f6caa150000 ---p 00000000 00:00 0 
7f6caa150000-7f6caa186000 rw-p 00000000 00:00 0                          [stack:31570]
7f6caa186000-7f6caa187000 r--p 00000000 00:00 0 
7f6caa187000-7f6caa387000 rw-p 00000000 00:00 0 
7f6caa387000-7f6caa587000 rw-p 00000000 00:00 0 
7f6caa587000-7f6caa600000 r--s 010ed000 fe:00 276111                     /usr/lib/jvm/java-8-openjdk/lib/tools.jar
7f6caa600000-7f6caa800000 rw-p 00000000 00:00 0 
7f6caa800000-7f6caa802000 r--s 00003000 fe:02 4457645                    /home/anton/.gradle/wrapper/dists/gradle-1.11-all/64ty4uo9nid8s14d0pz89kaa3/gradle-1.11/lib/plugins/gradle-language-base-1.11.jar
7f6caa802000-7f6caa803000 r--s 00004000 fe:02 4457644                    /home/anton/.gradle/wrapper/dists/gradle-1.11-all/64ty4uo9nid8s14d0pz89kaa3/gradle-1.11/lib/plugins/gradle-language-jvm-1.11.jar
7f6caa803000-7f6caa808000 r--s 00029000 fe:02 4457643                    /home/anton/.gradle/wrapper/dists/gradle-1.11-all/64ty4uo9nid8s14d0pz89kaa3/gradle-1.11/lib/plugins/gradle-build-init-1.11.jar
7f6caa808000-7f6caa80b000 r--s 0001f000 fe:02 4457642                    /home/anton/.gradle/wrapper/dists/gradle-1.11-all/64ty4uo9nid8s14d0pz89kaa3/gradle-1.11/lib/plugins/gradle-jacoco-1.11.jar
7f6caa80b000-7f6caa80e000 r--s 0000c000 fe:02 4457641                    /home/anton/.gradle/wrapper/dists/gradle-1.11-all/64ty4uo9nid8s14d0pz89kaa3/gradle-1.11/lib/plugins/gradle-ivy-1.11.jar
7f6caa80e000-7f6caa810000 r--s 00002000 fe:02 4457640                    /home/anton/.gradle/wrapper/dists/gradle-1.11-all/64ty4uo9nid8s14d0pz89kaa3/gradle-1.11/lib/plugins/gradle-publish-1.11.jar
7f6caa810000-7f6caa812000 r--s 00005000 fe:02 4457670                    /home/anton/.gradle/wrapper/dists/gradle-1.11-all/64ty4uo9nid8s14d0pz89kaa3/gradle-1.11/lib/plugins/jatl-0.2.2.jar
7f6caa812000-7f6caa814000 r--s 00007000 fe:02 4457639                    /home/anton/.gradle/wrapper/dists/gradle-1.11-all/64ty4uo9nid8s14d0pz89kaa3/gradle-1.11/lib/plugins/gradle-reporting-1.11.jar
7f6caa814000-7f6caa819000 r--s 0003c000 fe:02 4457638                    /home/anton/.gradle/wrapper/dists/gradle-1.11-all/64ty4uo9nid8s14d0pz89kaa3/gradle-1.11/lib/plugins/gradle-diagnostics-1.11.jar
7f6caa819000-7f6caa820000 r--s 00094000 fe:02 4457637                    /home/anton/.gradle/wrapper/dists/gradle-1.11-all/64ty4uo9nid8s14d0pz89kaa3/gradle-1.11/lib/plugins/gradle-build-comparison-1.11.jar
7f6caa820000-7f6caa827000 r--s 00035000 fe:02 4457669                    /home/anton/.gradle/wrapper/dists/gradle-1.11-all/64ty4uo9nid8s14d0pz89kaa3/gradle-1.11/lib/plugins/simple-4.1.21.jar
7f6caa827000-7f6caa82c000 r--s 0002a000 fe:02 4457668                    /home/anton/.gradle/wrapper/dists/gradle-1.11-all/64ty4uo9nid8s14d0pz89kaa3/gradle-1.11/lib/plugins/gson-2.2.4.jar
7f6caa82c000-7f6caa838000 r--s 00100000 fe:02 4457667                    /home/anton/.gradle/wrapper/dists/gradle-1.11-all/64ty4uo9nid8s14d0pz89kaa3/gradle-1.11/lib/plugins/rhino-1.7R3.jar
7f6caa838000-7f6caa83d000 r--s 00021000 fe:02 4457636                    /home/anton/.gradle/wrapper/dists/gradle-1.11-all/64ty4uo9nid8s14d0pz89kaa3/gradle-1.11/lib/plugins/gradle-javascript-1.11.jar
7f6caa83d000-7f6caa83f000 r--s 0000f000 fe:02 4457635                    /home/anton/.gradle/wrapper/dists/gradle-1.11-all/64ty4uo9nid8s14d0pz89kaa3/gradle-1.11/lib/plugins/gradle-ear-1.11.jar
7f6caa83f000-7f6caa855000 r--s 000d7000 fe:02 4457634                    /home/anton/.gradle/wrapper/dists/gradle-1.11-all/64ty4uo9nid8s14d0pz89kaa3/gradle-1.11/lib/plugins/gradle-cpp-1.11.jar
7f6caa855000-7f6caa87d000 r--s 00194000 fe:02 4457679                    /home/anton/.gradle/wrapper/dists/gradle-1.11-all/64ty4uo9nid8s14d0pz89kaa3/gradle-1.11/lib/plugins/bcprov-jdk15-1.46.jar
7f6caa87d000-7f6caa881000 r--s 00025000 fe:02 4457666                    /home/anton/.gradle/wrapper/dists/gradle-1.11-all/64ty4uo9nid8s14d0pz89kaa3/gradle-1.11/lib/plugins/bcpg-jdk15-1.46.jar
7f6caa881000-7f6caa884000 r--s 00021000 fe:02 4457633                    /home/anton/.gradle/wrapper/dists/gradle-1.11-all/64ty4uo9nid8s14d0pz89kaa3/gradle-1.11/lib/plugins/gradle-signing-1.11.jar
7f6caa884000-7f6caa885000 r--s 00002000 fe:02 4457665                    /home/anton/.gradle/wrapper/dists/gradle-1.11-all/64ty4uo9nid8s14d0pz89kaa3/gradle-1.11/lib/plugins/sonar-batch-bootstrapper-2.9.jar
7f6caa885000-7f6caa886000 r--s 00007000 fe:02 4457664                    /home/anton/.gradle/wrapper/dists/gradle-1.11-all/64ty4uo9nid8s14d0pz89kaa3/gradle-1.11/lib/plugins/sonar-runner-2.0.jar
7f6caa886000-7f6caa889000 r--s 00022000 fe:02 4457632                    /home/anton/.gradle/wrapper/dists/gradle-1.11-all/64ty4uo9nid8s14d0pz89kaa3/gradle-1.11/lib/plugins/gradle-sonar-1.11.jar
7f6caa889000-7f6caa88c000 r--s 0001c000 fe:02 4457631                    /home/anton/.gradle/wrapper/dists/gradle-1.11-all/64ty4uo9nid8s14d0pz89kaa3/gradle-1.11/lib/plugins/gradle-scala-1.11.jar
7f6caa88c000-7f6caa88e000 r--s 0000f000 fe:02 4457630                    /home/anton/.gradle/wrapper/dists/gradle-1.11-all/64ty4uo9nid8s14d0pz89kaa3/gradle-1.11/lib/plugins/gradle-announce-1.11.jar
7f6caa88e000-7f6caa89c000 r--s 000d3000 fe:02 4457629                    /home/anton/.gradle/wrapper/dists/gradle-1.11-all/64ty4uo9nid8s14d0pz89kaa3/gradle-1.11/lib/plugins/gradle-ide-1.11.jar
7f6caa89c000-7f6caa89e000 r--s 00000000 fe:02 4457663                    /home/anton/.gradle/wrapper/dists/gradle-1.11-all/64ty4uo9nid8s14d0pz89kaa3/gradle-1.11/lib/plugins/plexus-component-annotations-1.5.2.jar
7f6caa89e000-7f6caa8a1000 r--s 0000c000 fe:02 4457662                    /home/anton/.gradle/wrapper/dists/gradle-1.11-all/64ty4uo9nid8s14d0pz89kaa3/gradle-1.11/lib/plugins/pmaven-groovy-0.8-20100325.jar
7f6caa8a1000-7f6caa8a2000 r--s 00004000 fe:02 4457661                    /home/anton/.gradle/wrapper/dists/gradle-1.11-all/64ty4uo9nid8s14d0pz89kaa3/gradle-1.11/lib/plugins/pmaven-common-0.8-20100325.jar
7f6caa8a2000-7f6caa8a6000 r--s 0001d000 fe:02 4457628                    /home/anton/.gradle/wrapper/dists/gradle-1.11-all/64ty4uo9nid8s14d0pz89kaa3/gradle-1.11/lib/plugins/gradle-maven-1.11.jar
7f6caa8a6000-7f6caa8be000 r--s 0013b000 fe:02 4457659                    /home/anton/.gradle/wrapper/dists/gradle-1.11-all/64ty4uo9nid8s14d0pz89kaa3/gradle-1.11/lib/plugins/bndlib-2.1.0.jar
7f6caa8be000-7f6caa8bf000 r--s 00005000 fe:02 4457627                    /home/anton/.gradle/wrapper/dists/gradle-1.11-all/64ty4uo9nid8s14d0pz89kaa3/gradle-1.11/lib/plugins/gradle-osgi-1.11.jar
7f6caa8bf000-7f6caa8c4000 r--s 00068000 fe:02 4457658                    /home/anton/.gradle/wrapper/dists/gradle-1.11-all/64ty4uo9nid8s14d0pz89kaa3/gradle-1.11/lib/plugins/antlr-2.7.7.jar
7f6caa8c4000-7f6caa8c5000 r--s 00002000 fe:02 4457657                    /home/anton/.gradle/wrapper/dists/gradle-1.11-all/64ty4uo9nid8s14d0pz89kaa3/gradle-1.11/lib/plugins/ant-antlr-1.9.2.jar
7f6caa8c5000-7f6caa8c7000 r--s 00004000 fe:02 4457626                    /home/anton/.gradle/wrapper/dists/gradle-1.11-all/64ty4uo9nid8s14d0pz89kaa3/gradle-1.11/lib/plugins/gradle-antlr-1.11.jar
7f6caa8c7000-7f6caa8ca000 r--s 0001e000 fe:02 4457678                    /home/anton/.gradle/wrapper/dists/gradle-1.11-all/64ty4uo9nid8s14d0pz89kaa3/gradle-1.11/lib/plugins/jsp-api-2.1-6.1.14.jar
7f6caa8ca000-7f6caa8ed000 r--s 00344000 fe:02 4457677                    /home/anton/.gradle/wrapper/dists/gradle-1.11-all/64ty4uo9nid8s14d0pz89kaa3/gradle-1.11/lib/plugins/core-3.1.1.jar
7f6caa8ed000-7f6caa8ee000 r--s 00006000 fe:02 4457676                    /home/anton/.gradle/wrapper/dists/gradle-1.11-all/64ty4uo9nid8s14d0pz89kaa3/gradle-1.11/lib/plugins/jetty-naming-6.1.25.jar
7f6caa8ee000-7f6caa8ef000 r--s 00002000 fe:02 4457656                    /home/anton/.gradle/wrapper/dists/gradle-1.11-all/64ty4uo9nid8s14d0pz89kaa3/gradle-1.11/lib/plugins/geronimo-annotation_1.0_spec-1.0.jar
7f6caa8ef000-7f6caa8f1000 r--s 00002000 fe:02 4457655                    /home/anton/.gradle/wrapper/dists/gradle-1.11-all/64ty4uo9nid8s14d0pz89kaa3/gradle-1.11/lib/plugins/jetty-annotations-6.1.25.jar
7f6caa8f1000-7f6caa902000 r--s 000ea000 fe:02 4457654                    /home/anton/.gradle/wrapper/dists/gradle-1.11-all/64ty4uo9nid8s14d0pz89kaa3/gradle-1.11/lib/plugins/jsp-2.1-6.1.14.jar
7f6caa902000-7f6caa904000 r--s 0000d000 fe:02 4457653                    /home/anton/.gradle/wrapper/dists/gradle-1.11-all/64ty4uo9nid8s14d0pz89kaa3/gradle-1.11/lib/plugins/jetty-plus-6.1.25.jar
7f6caa904000-7f6caa906000 r--s 0001f000 fe:02 4457652                    /home/anton/.gradle/wrapper/dists/gradle-1.11-all/64ty4uo9nid8s14d0pz89kaa3/gradle-1.11/lib/plugins/servlet-api-2.5-20081211.jar
7f6caa906000-7f6caa90a000 r--s 00028000 fe:02 4457651                    /home/anton/.gradle/wrapper/dists/gradle-1.11-all/64ty4uo9nid8s14d0pz89kaa3/gradle-1.11/lib/plugins/jetty-util-6.1.25.jar
7f6caa90a000-7f6caa911000 r--s 0007d000 fe:02 4457650                    /home/anton/.gradle/wrapper/dists/gradle-1.11-all/64ty4uo9nid8s14d0pz89kaa3/gradle-1.11/lib/plugins/jetty-6.1.25.jar
7f6caa911000-7f6caa913000 r--s 00009000 fe:02 4457625                    /home/anton/.gradle/wrapper/dists/gradle-1.11-all/64ty4uo9nid8s14d0pz89kaa3/gradle-1.11/lib/plugins/gradle-jetty-1.11.jar
7f6caa913000-7f6caa919000 r--s 0004c000 fe:02 4457624                    /home/anton/.gradle/wrapper/dists/gradle-1.11-all/64ty4uo9nid8s14d0pz89kaa3/gradle-1.11/lib/plugins/gradle-code-quality-1.11.jar
7f6caa919000-7f6caa91b000 r--s 00009000 fe:02 4457682                    /home/anton/.gradle/wrapper/dists/gradle-1.11-all/64ty4uo9nid8s14d0pz89kaa3/gradle-1.11/lib/plugins/hamcrest-core-1.3.jar
7f6caa91b000-7f6caa921000 r--s 00033000 fe:02 4457675                    /home/anton/.gradle/wrapper/dists/gradle-1.11-all/64ty4uo9nid8s14d0pz89kaa3/gradle-1.11/lib/plugins/snakeyaml-1.6.jar
7f6caa921000-7f6caa923000 r--s 00006000 fe:02 4457674                    /home/anton/.gradle/wrapper/dists/gradle-1.11-all/64ty4uo9nid8s14d0pz89kaa3/gradle-1.11/lib/plugins/jcommander-1.12.jar
7f6caa923000-7f6caa928000 r--s 00040000 fe:02 4457673                    /home/anton/.gradle/wrapper/dists/gradle-1.11-all/64ty4uo9nid8s14d0pz89kaa3/gradle-1.11/lib/plugins/bsh-2.0b4.jar
7f6caa928000-7f6caa92a000 r--s 00009000 fe:02 4457649                    /home/anton/.gradle/wrapper/dists/gradle-1.11-all/64ty4uo9nid8s14d0pz89kaa3/gradle-1.11/lib/plugins/commons-cli-1.2.jar
7f6caa92a000-7f6caa933000 r--s 00089000 fe:02 4457648                    /home/anton/.gradle/wrapper/dists/gradle-1.11-all/64ty4uo9nid8s14d0pz89kaa3/gradle-1.11/lib/plugins/testng-6.3.1.jar
7f6caa933000-7f6caa939000 r--s 00036000 fe:02 4457647                    /home/anton/.gradle/wrapper/dists/gradle-1.11-all/64ty4uo9nid8s14d0pz89kaa3/gradle-1.11/lib/plugins/junit-4.11.jar
7f6caa939000-7f6caa949000 r--s 000ab000 fe:02 4457623                    /home/anton/.gradle/wrapper/dists/gradle-1.11-all/64ty4uo9nid8s14d0pz89kaa3/gradle-1.11/lib/plugins/gradle-plugins-1.11.jar
7f6caa949000-7f6caa961000 r--s 00115000 fe:02 4457680                    /home/anton/.gradle/wrapper/dists/gradle-1.11-all/64ty4uo9nid8s14d0pz89kaa3/gradle-1.11/lib/plugins/xercesImpl-2.9.1.jar
7f6caa961000-7f6caa969000 r--s 00028000 fe:02 4457681                    /home/anton/.gradle/wrapper/dists/gradle-1.11-all/64ty4uo9nid8s14d0pz89kaa3/gradle-1.11/lib/plugins/xml-apis-1.3.04.jar
7f6caa969000-7f6caa96d000 r--s 0001d000 fe:02 4457672                    /home/anton/.gradle/wrapper/dists/gradle-1.11-all/64ty4uo9nid8s14d0pz89kaa3/gradle-1.11/lib/plugins/xbean-reflect-3.4.jar
7f6caa96d000-7f6caa970000 r--s 0001c000 fe:02 4457671                    /home/anton/.gradle/wrapper/dists/gradle-1.11-all/64ty4uo9nid8s14d0pz89kaa3/gradle-1.11/lib/plugins/nekohtml-1.9.14.jar
7f6caa970000-7f6caa989000 r--s 00129000 fe:02 4457660                    /home/anton/.gradle/wrapper/dists/gradle-1.11-all/64ty4uo9nid8s14d0pz89kaa3/gradle-1.11/lib/plugins/maven-ant-tasks-2.1.3.jar
7f6caa989000-7f6caa98d000 r--s 0001e000 fe:02 4457622                    /home/anton/.gradle/wrapper/dists/gradle-1.11-all/64ty4uo9nid8s14d0pz89kaa3/gradle-1.11/lib/plugins/jarjar-aether-impl-1.13.1.jar
7f6caa98d000-7f6caa990000 r--s 00027000 fe:02 4457621                    /home/anton/.gradle/wrapper/dists/gradle-1.11-all/64ty4uo9nid8s14d0pz89kaa3/gradle-1.11/lib/plugins/jarjar-maven-model-3.0.4.jar
7f6caa990000-7f6caa993000 r--s 0000b000 fe:02 4457620                    /home/anton/.gradle/wrapper/dists/gradle-1.11-all/64ty4uo9nid8s14d0pz89kaa3/gradle-1.11/lib/plugins/jarjar-maven-artifact-3.0.4.jar
7f6caa993000-7f6caa997000 r--s 0001e000 fe:02 4457619                    /home/anton/.gradle/wrapper/dists/gradle-1.11-all/64ty4uo9nid8s14d0pz89kaa3/gradle-1.11/lib/plugins/jarjar-aether-util-1.13.1.jar
7f6caa997000-7f6caa999000 r--s 00007000 fe:02 4457618                    /home/anton/.gradle/wrapper/dists/gradle-1.11-all/64ty4uo9nid8s14d0pz89kaa3/gradle-1.11/lib/plugins/jarjar-wagon-http-shared4-2.4.jar
7f6caa999000-7f6caa9a6000 r--s 00083000 fe:02 4457617                    /home/anton/.gradle/wrapper/dists/gradle-1.11-all/64ty4uo9nid8s14d0pz89kaa3/gradle-1.11/lib/plugins/jarjar-maven-core-3.0.4.jar
7f6caa9a6000-7f6caa9a8000 r--s 00003000 fe:02 4457616                    /home/anton/.gradle/wrapper/dists/gradle-1.11-all/64ty4uo9nid8s14d0pz89kaa3/gradle-1.11/lib/plugins/jarjar-aether-spi-1.13.1.jar
7f6caa9a8000-7f6caa9aa000 r--s 00009000 fe:02 4457615                    /home/anton/.gradle/wrapper/dists/gradle-1.11-all/64ty4uo9nid8s14d0pz89kaa3/gradle-1.11/lib/plugins/jarjar-maven-settings-builder-3.0.4.jar
7f6caa9aa000-7f6caa9ae000 r--s 00014000 fe:02 4457614                    /home/anton/.gradle/wrapper/dists/gradle-1.11-all/64ty4uo9nid8s14d0pz89kaa3/gradle-1.11/lib/plugins/jarjar-aether-api-1.13.1.jar
7f6caa9ae000-7f6caa9af000 r--s 00002000 fe:02 4457613                    /home/anton/.gradle/wrapper/dists/gradle-1.11-all/64ty4uo9nid8s14d0pz89kaa3/gradle-1.11/lib/plugins/jarjar-wagon-http-2.4.jar
7f6caa9af000-7f6caa9b6000 r--s 00042000 fe:02 4457612                    /home/anton/.gradle/wrapper/dists/gradle-1.11-all/64ty4uo9nid8s14d0pz89kaa3/gradle-1.11/lib/plugins/jarjar-maven-compat-3.0.4.jar
7f6caa9b6000-7f6caa9b8000 r--s 00006000 fe:02 4457611                    /home/anton/.gradle/wrapper/dists/gradle-1.11-all/64ty4uo9nid8s14d0pz89kaa3/gradle-1.11/lib/plugins/jarjar-aether-connector-wagon-1.13.1.jar
7f6caa9b8000-7f6caa9ba000 r--s 00000000 fe:02 4457610                    /home/anton/.gradle/wrapper/dists/gradle-1.11-all/64ty4uo9nid8s14d0pz89kaa3/gradle-1.11/lib/plugins/jarjar-plexus-component-annotations-1.5.5.jar
7f6caa9ba000-7f6caa9bc000 r--s 00006000 fe:02 4457609                    /home/anton/.gradle/wrapper/dists/gradle-1.11-all/64ty4uo9nid8s14d0pz89kaa3/gradle-1.11/lib/plugins/jarjar-plexus-sec-dispatcher-1.3.jar
7f6caa9bc000-7f6caa9c1000 r--s 00022000 fe:02 4457608                    /home/anton/.gradle/wrapper/dists/gradle-1.11-all/64ty4uo9nid8s14d0pz89kaa3/gradle-1.11/lib/plugins/jarjar-maven-model-builder-3.0.4.jar
7f6caa9c1000-7f6caa9c3000 r--s 0000b000 fe:02 4457607                    /home/anton/.gradle/wrapper/dists/gradle-1.11-all/64ty4uo9nid8s14d0pz89kaa3/gradle-1.11/lib/plugins/jarjar-maven-plugin-api-3.0.4.jar
7f6caa9c3000-7f6caa9c6000 r--s 0000a000 fe:02 4457606                    /home/anton/.gradle/wrapper/dists/gradle-1.11-all/64ty4uo9nid8s14d0pz89kaa3/gradle-1.11/lib/plugins/jarjar-plexus-classworlds-2.4.jar
7f6caa9c6000-7f6caa9ce000 r-xp 00000000 fe:00 135982                     /usr/lib/jvm/java-8-openjdk/jre/lib/amd64/libmanagement.so
7f6caa9ce000-7f6caabce000 ---p 00008000 fe:00 135982                     /usr/lib/jvm/java-8-openjdk/jre/lib/amd64/libmanagement.so
7f6caabce000-7f6caabcf000 rw-p 00008000 fe:00 135982                     /usr/lib/jvm/java-8-openjdk/jre/lib/amd64/libmanagement.so
7f6caabcf000-7f6caabe4000 r-xp 00000000 fe:02 3150924                    /home/anton/.gradle/native/jna/linux-amd64/libjnidispatch.so
7f6caabe4000-7f6caace3000 ---p 00015000 fe:02 3150924                    /home/anton/.gradle/native/jna/linux-amd64/libjnidispatch.so
7f6caace3000-7f6caace5000 rw-p 00014000 fe:02 3150924                    /home/anton/.gradle/native/jna/linux-amd64/libjnidispatch.so
7f6caace5000-7f6caad36000 r-xp 00000000 fe:00 1183236                    /usr/lib/libncurses.so.5.9
7f6caad36000-7f6caaf35000 ---p 00051000 fe:00 1183236                    /usr/lib/libncurses.so.5.9
7f6caaf35000-7f6caaf39000 r--p 00050000 fe:00 1183236                    /usr/lib/libncurses.so.5.9
7f6caaf39000-7f6caaf3a000 rw-p 00054000 fe:00 1183236                    /usr/lib/libncurses.so.5.9
7f6caaf3a000-7f6caaf3b000 rw-p 00000000 00:00 0 
7f6caaf3b000-7f6caaf3e000 r-xp 00000000 fe:02 3150926                    /home/anton/.gradle/native/18/linux-amd64/libnative-platform-curses.so
7f6caaf3e000-7f6cab13e000 ---p 00003000 fe:02 3150926                    /home/anton/.gradle/native/18/linux-amd64/libnative-platform-curses.so
7f6cab13e000-7f6cab13f000 rw-p 00003000 fe:02 3150926                    /home/anton/.gradle/native/18/linux-amd64/libnative-platform-curses.so
7f6cab13f000-7f6cab155000 r-xp 00000000 fe:00 1183157                    /usr/lib/libgcc_s.so.1
7f6cab155000-7f6cab354000 ---p 00016000 fe:00 1183157                    /usr/lib/libgcc_s.so.1
7f6cab354000-7f6cab355000 rw-p 00015000 fe:00 1183157                    /usr/lib/libgcc_s.so.1
7f6cab355000-7f6cab445000 r-xp 00000000 fe:00 1183188                    /usr/lib/libstdc++.so.6.0.20
7f6cab445000-7f6cab645000 ---p 000f0000 fe:00 1183188                    /usr/lib/libstdc++.so.6.0.20
7f6cab645000-7f6cab64d000 r--p 000f0000 fe:00 1183188                    /usr/lib/libstdc++.so.6.0.20
7f6cab64d000-7f6cab64f000 rw-p 000f8000 fe:00 1183188                    /usr/lib/libstdc++.so.6.0.20
7f6cab64f000-7f6cab664000 rw-p 00000000 00:00 0 
7f6cab664000-7f6cab668000 r--s 00035000 fe:02 4457605                    /home/anton/.gradle/wrapper/dists/gradle-1.11-all/64ty4uo9nid8s14d0pz89kaa3/gradle-1.11/lib/plugins/jarjar-plexus-utils-2.0.6.jar
7f6cab668000-7f6cab66a000 r--s 0000e000 fe:02 4457604                    /home/anton/.gradle/wrapper/dists/gradle-1.11-all/64ty4uo9nid8s14d0pz89kaa3/gradle-1.11/lib/plugins/jarjar-plexus-interpolation-1.14.jar
7f6cab66a000-7f6cab66c000 r--s 00002000 fe:02 4457603                    /home/anton/.gradle/wrapper/dists/gradle-1.11-all/64ty4uo9nid8s14d0pz89kaa3/gradle-1.11/lib/plugins/jarjar-plexus-cipher-1.7.jar
7f6cab66c000-7f6cab66e000 r--s 0000c000 fe:02 4457602                    /home/anton/.gradle/wrapper/dists/gradle-1.11-all/64ty4uo9nid8s14d0pz89kaa3/gradle-1.11/lib/plugins/jarjar-wagon-provider-api-2.4.jar
7f6cab66e000-7f6cab670000 r--s 0000d000 fe:02 4457601                    /home/anton/.gradle/wrapper/dists/gradle-1.11-all/64ty4uo9nid8s14d0pz89kaa3/gradle-1.11/lib/plugins/jarjar-maven-aether-provider-3.0.4.jar
7f6cab670000-7f6cab678000 r--s 00031000 fe:02 4457600                    /home/anton/.gradle/wrapper/dists/gradle-1.11-all/64ty4uo9nid8s14d0pz89kaa3/gradle-1.11/lib/plugins/jarjar-plexus-container-default-1.5.5.jar
7f6cab678000-7f6cab679000 r--s 00007000 fe:02 4457599                    /home/anton/.gradle/wrapper/dists/gradle-1.11-all/64ty4uo9nid8s14d0pz89kaa3/gradle-1.11/lib/plugins/jarjar-maven-repository-metadata-3.0.4.jar
7f6cab679000-7f6cab67a000 r--s 0000b000 fe:02 4457598                    /home/anton/.gradle/wrapper/dists/gradle-1.11-all/64ty4uo9nid8s14d0pz89kaa3/gradle-1.11/lib/plugins/jarjar-maven-settings-3.0.4.jar
7f6cab67a000-7f6cab690000 r--s 000a1000 fe:02 4457646                    /home/anton/.gradle/wrapper/dists/gradle-1.11-all/64ty4uo9nid8s14d0pz89kaa3/gradle-1.11/lib/plugins/gradle-core-impl-1.11.jar
7f6cab690000-7f6cab694000 r-xp 00000000 fe:02 3150921                    /home/anton/.gradle/native/18/linux-amd64/libnative-platform.so
7f6cab694000-7f6cab893000 ---p 00004000 fe:02 3150921                    /home/anton/.gradle/native/18/linux-amd64/libnative-platform.so
7f6cab893000-7f6cab894000 rw-p 00003000 fe:02 3150921                    /home/anton/.gradle/native/18/linux-amd64/libnative-platform.so
7f6cab894000-7f6cab8c3000 r--p 00000000 fe:00 1182754                    /usr/share/locale/ru/LC_MESSAGES/libc.mo
7f6cab8c3000-7f6cab8c4000 r--s 00005000 fe:02 4329068                    /home/anton/.gradle/wrapper/dists/gradle-1.11-all/64ty4uo9nid8s14d0pz89kaa3/gradle-1.11/lib/gradle-wrapper-1.11.jar
7f6cab8c4000-7f6cab8cc000 r--s 00025000 fe:02 4329073                    /home/anton/.gradle/wrapper/dists/gradle-1.11-all/64ty4uo9nid8s14d0pz89kaa3/gradle-1.11/lib/gradle-tooling-api-1.11.jar
7f6cab8cc000-7f6cab8ce000 r--s 00005000 fe:02 4329098                    /home/anton/.gradle/wrapper/dists/gradle-1.11-all/64ty4uo9nid8s14d0pz89kaa3/gradle-1.11/lib/gradle-open-api-1.11.jar
7f6cab8ce000-7f6cab8d4000 r--s 00032000 fe:02 4329100                    /home/anton/.gradle/wrapper/dists/gradle-1.11-all/64ty4uo9nid8s14d0pz89kaa3/gradle-1.11/lib/jaxen-1.1.jar
7f6cab8d4000-7f6cab8d9000 r--s 00048000 fe:02 4329099                    /home/anton/.gradle/wrapper/dists/gradle-1.11-all/64ty4uo9nid8s14d0pz89kaa3/gradle-1.11/lib/dom4j-1.6.1.jar
7f6cab8d9000-7f6cab8e4000 r--s 0005b000 fe:02 4329072                    /home/anton/.gradle/wrapper/dists/gradle-1.11-all/64ty4uo9nid8s14d0pz89kaa3/gradle-1.11/lib/gradle-ui-1.11.jar
7f6cab8e4000-7f6cab8e6000 r--s 00007000 fe:02 4329124                    /home/anton/.gradle/wrapper/dists/gradle-1.11-all/64ty4uo9nid8s14d0pz89kaa3/gradle-1.11/lib/objenesis-1.2.jar
7f6cab8e6000-7f6cab8e8000 r--s 00000000 fe:02 4329123                    /home/anton/.gradle/wrapper/dists/gradle-1.11-all/64ty4uo9nid8s14d0pz89kaa3/gradle-1.11/lib/minlog-1.2.jar
7f6cab8e8000-7f6cab8ea000 r--s 0000f000 fe:02 4329122                    /home/anton/.gradle/wrapper/dists/gradle-1.11-all/64ty4uo9nid8s14d0pz89kaa3/gradle-1.11/lib/reflectasm-1.07-shaded.jar
7f6cab8ea000-7f6cab8ec000 r--s 0000a000 fe:02 4329128                    /home/anton/.gradle/wrapper/dists/gradle-1.11-all/64ty4uo9nid8s14d0pz89kaa3/gradle-1.11/lib/asm-4.0.jar
7f6cab8ec000-7f6cab8f0000 r--s 00026000 fe:02 4329113                    /home/anton/.gradle/wrapper/dists/gradle-1.11-all/64ty4uo9nid8s14d0pz89kaa3/gradle-1.11/lib/kryo-2.20.jar
7f6cab8f0000-7f6cab8f8000 r--s 00035000 fe:02 4329094                    /home/anton/.gradle/wrapper/dists/gradle-1.11-all/64ty4uo9nid8s14d0pz89kaa3/gradle-1.11/lib/gradle-messaging-1.11.jar
7f6cab8f8000-7f6cab8f9000 r--s 00005000 fe:02 4329119                    /home/anton/.gradle/wrapper/dists/gradle-1.11-all/64ty4uo9nid8s14d0pz89kaa3/gradle-1.11/lib/native-platform-windows-i386-0.7.jar
7f6cab8f9000-7f6cab8fa000 r--s 00005000 fe:02 4329118                    /home/anton/.gradle/wrapper/dists/gradle-1.11-all/64ty4uo9nid8s14d0pz89kaa3/gradle-1.11/lib/native-platform-windows-amd64-0.7.jar
7f6cab8fa000-7f6cab8fb000 r--s 00003000 fe:02 4329117                    /home/anton/.gradle/wrapper/dists/gradle-1.11-all/64ty4uo9nid8s14d0pz89kaa3/gradle-1.11/lib/native-platform-linux-i386-0.7.jar
7f6cab8fb000-7f6cab8fc000 r--s 00003000 fe:02 4329116                    /home/anton/.gradle/wrapper/dists/gradle-1.11-all/64ty4uo9nid8s14d0pz89kaa3/gradle-1.11/lib/native-platform-linux-amd64-0.7.jar
7f6cab8fc000-7f6cab8fd000 r--s 00002000 fe:02 4329115                    /home/anton/.gradle/wrapper/dists/gradle-1.11-all/64ty4uo9nid8s14d0pz89kaa3/gradle-1.11/lib/native-platform-osx-amd64-0.7.jar
7f6cab8fd000-7f6cab8fe000 r--s 00002000 fe:02 4329114                    /home/anton/.gradle/wrapper/dists/gradle-1.11-all/64ty4uo9nid8s14d0pz89kaa3/gradle-1.11/lib/native-platform-osx-i386-0.7.jar
7f6cab8fe000-7f6cab900000 r--s 00008000 fe:02 4329104                    /home/anton/.gradle/wrapper/dists/gradle-1.11-all/64ty4uo9nid8s14d0pz89kaa3/gradle-1.11/lib/jansi-1.2.1.jar
7f6cab900000-7f6cab903000 r--s 00013000 fe:02 4329103                    /home/anton/.gradle/wrapper/dists/gradle-1.11-all/64ty4uo9nid8s14d0pz89kaa3/gradle-1.11/lib/jna-posix-1.0.3.jar
7f6cab903000-7f6cab905000 r--s 0000d000 fe:02 4329102                    /home/anton/.gradle/wrapper/dists/gradle-1.11-all/64ty4uo9nid8s14d0pz89kaa3/gradle-1.11/lib/native-platform-0.7.jar
7f6cab905000-7f6cab909000 r--s 000e4000 fe:02 4329101                    /home/anton/.gradle/wrapper/dists/gradle-1.11-all/64ty4uo9nid8s14d0pz89kaa3/gradle-1.11/lib/jna-3.2.7.jar
7f6cab909000-7f6cab90b000 r--s 00009000 fe:02 4329074                    /home/anton/.gradle/wrapper/dists/gradle-1.11-all/64ty4uo9nid8s14d0pz89kaa3/gradle-1.11/lib/gradle-native-1.11.jar
7f6cab90b000-7f6cab90d000 r--s 00005000 fe:02 4329071                    /home/anton/.gradle/wrapper/dists/gradle-1.11-all/64ty4uo9nid8s14d0pz89kaa3/gradle-1.11/lib/gradle-cli-1.11.jar
7f6cab90d000-7f6cab90e000 r--s 00000000 fe:02 4329079                    /home/anton/.gradle/wrapper/dists/gradle-1.11-all/64ty4uo9nid8s14d0pz89kaa3/gradle-1.11/lib/gradle-resources-1.11.jar
7f6cab90e000-7f6cab910000 r--s 00000000 fe:02 4329078                    /home/anton/.gradle/wrapper/dists/gradle-1.11-all/64ty4uo9nid8s14d0pz89kaa3/gradle-1.11/lib/gradle-base-services-groovy-1.11.jar
7f6cab910000-7f6cab911000 r--s 00000000 fe:02 4329095                    /home/anton/.gradle/wrapper/dists/gradle-1.11-all/64ty4uo9nid8s14d0pz89kaa3/gradle-1.11/lib/gradle-docs-1.11.jar
7f6cab911000-7f6cab917000 r--s 0005b000 fe:02 4329112                    /home/anton/.gradle/wrapper/dists/gradle-1.11-all/64ty4uo9nid8s14d0pz89kaa3/gradle-1.11/lib/jcifs-1.3.17.jar
7f6cab917000-7f6cab91d000 r--s 00031000 fe:02 4329111                    /home/anton/.gradle/wrapper/dists/gradle-1.11-all/64ty4uo9nid8s14d0pz89kaa3/gradle-1.11/lib/httpcore-4.2.2.jar
7f6cab91d000-7f6cab923000 r--s 00033000 fe:02 4329110                    /home/anton/.gradle/wrapper/dists/gradle-1.11-all/64ty4uo9nid8s14d0pz89kaa3/gradle-1.11/lib/commons-codec-1.6.jar
7f6cab923000-7f6cab925000 r--s 00026000 fe:02 4329109                    /home/anton/.gradle/wrapper/dists/gradle-1.11-all/64ty4uo9nid8s14d0pz89kaa3/gradle-1.11/lib/http-builder-0.6.jar
7f6cab925000-7f6cab927000 r--s 00013000 fe:02 4329121                    /home/anton/.gradle/wrapper/dists/gradle-1.11-all/64ty4uo9nid8s14d0pz89kaa3/gradle-1.11/lib/xml-resolver-1.2.jar
7f6cab927000-7f6cab92b000 r--s 00022000 fe:02 4329120                    /home/anton/.gradle/wrapper/dists/gradle-1.11-all/64ty4uo9nid8s14d0pz89kaa3/gradle-1.11/lib/json-lib-2.3-jdk15.jar
7f6cab92b000-7f6cab92e000 r--s 00013000 fe:02 4329127                    /home/anton/.gradle/wrapper/dists/gradle-1.11-all/64ty4uo9nid8s14d0pz89kaa3/gradle-1.11/lib/ezmorph-1.0.6.jar
7f6cab92e000-7f6cab933000 r--s 00034000 fe:02 4329125                    /home/anton/.gradle/wrapper/dists/gradle-1.11-all/64ty4uo9nid8s14d0pz89kaa3/gradle-1.11/lib/commons-beanutils-1.8.0.jar
7f6cab933000-7f6cab935000 r--s 0000d000 fe:02 4329126                    /home/anton/.gradle/wrapper/dists/gradle-1.11-all/64ty4uo9nid8s14d0pz89kaa3/gradle-1.11/lib/commons-logging-1.1.1.jar
7f6cab935000-7f6cab936000 r--s 00001000 fe:02 4329108                    /home/anton/.gradle/wrapper/dists/gradle-1.11-all/64ty4uo9nid8s14d0pz89kaa3/gradle-1.11/lib/bintray-client-java-api-0.1.0.jar
7f6cab936000-7f6cab945000 r--s 0007f000 fe:02 4329107                    /home/anton/.gradle/wrapper/dists/gradle-1.11-all/64ty4uo9nid8s14d0pz89kaa3/gradle-1.11/lib/joda-time-2.3.jar
7f6cab945000-7f6cab949000 r--s 00034000 fe:02 4329106                    /home/anton/.gradle/wrapper/dists/gradle-1.11-all/64ty4uo9nid8s14d0pz89kaa3/gradle-1.11/lib/jsch-0.1.46.jar
7f6cab949000-7f6cab94b000 r--s 00003000 fe:02 4329097                    /home/anton/.gradle/wrapper/dists/gradle-1.11-all/64ty4uo9nid8s14d0pz89kaa3/gradle-1.11/lib/jcl-over-slf4j-1.7.5.jar
7f6cab94b000-7f6cab94d000 r--s 00004000 fe:02 4329096                    /home/anton/.gradle/wrapper/dists/gradle-1.11-all/64ty4uo9nid8s14d0pz89kaa3/gradle-1.11/lib/log4j-over-slf4j-1.7.5.jar
7f6cab94d000-7f6cab956000 r--s 00060000 fe:02 4329093                    /home/anton/.gradle/wrapper/dists/gradle-1.11-all/64ty4uo9nid8s14d0pz89kaa3/gradle-1.11/lib/httpclient-4.2.2.jar
7f6cab956000-7f6cab95c000 r--s 0003b000 fe:02 4329087                    /home/anton/.gradle/wrapper/dists/gradle-1.11-all/64ty4uo9nid8s14d0pz89kaa3/gradle-1.11/lib/logback-classic-1.0.13.jar
7f6cab95c000-7f6cab966000 r--s 0005d000 fe:02 4329086                    /home/anton/.gradle/wrapper/dists/gradle-1.11-all/64ty4uo9nid8s14d0pz89kaa3/gradle-1.11/lib/logback-core-1.0.13.jar
7f6cab966000-7f6cab975000 r--s 000d9000 fe:02 4329085                    /home/anton/.gradle/wrapper/dists/gradle-1.11-all/64ty4uo9nid8s14d0pz89kaa3/gradle-1.11/lib/ivy-2.2.0.jar
7f6cab975000-7f6cab97a000 r--s 00041000 fe:02 4329084                    /home/anton/.gradle/wrapper/dists/gradle-1.11-all/64ty4uo9nid8s14d0pz89kaa3/gradle-1.11/lib/commons-lang-2.6.jar
7f6cab97a000-7f6cab9d6000 r--s 00586000 fe:02 4329077                    /home/anton/.gradle/wrapper/dists/gradle-1.11-all/64ty4uo9nid8s14d0pz89kaa3/gradle-1.11/lib/groovy-all-1.8.6.jar
7f6cab9d6000-7f6cab9e7000 r-xp 00000000 fe:00 135986                     /usr/lib/jvm/java-8-openjdk/jre/lib/amd64/libnio.so
7f6cab9e7000-7f6cabbe6000 ---p 00011000 fe:00 135986                     /usr/lib/jvm/java-8-openjdk/jre/lib/amd64/libnio.so
7f6cabbe6000-7f6cabbe7000 rw-p 00010000 fe:00 135986                     /usr/lib/jvm/java-8-openjdk/jre/lib/amd64/libnio.so
7f6cabbe7000-7f6cabbfd000 r-xp 00000000 fe:00 135976                     /usr/lib/jvm/java-8-openjdk/jre/lib/amd64/libnet.so
7f6cabbfd000-7f6cabdfd000 ---p 00016000 fe:00 135976                     /usr/lib/jvm/java-8-openjdk/jre/lib/amd64/libnet.so
7f6cabdfd000-7f6cabdfe000 rw-p 00016000 fe:00 135976                     /usr/lib/jvm/java-8-openjdk/jre/lib/amd64/libnet.so
7f6cabdfe000-7f6cabdff000 ---p 00000000 00:00 0 
7f6cabdff000-7f6cabeff000 rw-p 00000000 00:00 0                          [stack:31558]
7f6cabeff000-7f6cabf02000 ---p 00000000 00:00 0 
7f6cabf02000-7f6cac000000 rw-p 00000000 00:00 0                          [stack:31557]
7f6cac000000-7f6cac021000 rw-p 00000000 00:00 0 
7f6cac021000-7f6cb0000000 ---p 00000000 00:00 0 
7f6cb0000000-7f6cb0003000 r--s 0001b000 fe:02 4329090                    /home/anton/.gradle/wrapper/dists/gradle-1.11-all/64ty4uo9nid8s14d0pz89kaa3/gradle-1.11/lib/jarjar-1.3.jar
7f6cb0003000-7f6cb0011000 r--s 0007f000 fe:02 4329082                    /home/anton/.gradle/wrapper/dists/gradle-1.11-all/64ty4uo9nid8s14d0pz89kaa3/gradle-1.11/lib/commons-collections-3.2.1.jar
7f6cb0011000-7f6cb0038000 r--s 001c3000 fe:02 4329076                    /home/anton/.gradle/wrapper/dists/gradle-1.11-all/64ty4uo9nid8s14d0pz89kaa3/gradle-1.11/lib/guava-jdk5-14.0.1.jar
7f6cb0038000-7f6cb003b000 ---p 00000000 00:00 0 
7f6cb003b000-7f6cb0139000 rw-p 00000000 00:00 0                          [stack:31556]
7f6cb0139000-7f6cb013c000 ---p 00000000 00:00 0 
7f6cb013c000-7f6cb023a000 rw-p 00000000 00:00 0                          [stack:31555]
7f6cb023a000-7f6cb023d000 ---p 00000000 00:00 0 
7f6cb023d000-7f6cb033b000 rw-p 00000000 00:00 0                          [stack:31554]
7f6cb033b000-7f6cb033e000 ---p 00000000 00:00 0 
7f6cb033e000-7f6cb043c000 rw-p 00000000 00:00 0                          [stack:31553]
7f6cb043c000-7f6cb06f7000 r--p 00000000 fe:00 1220886                    /usr/lib/locale/locale-archive
7f6cb06f7000-7f6cb06fa000 ---p 00000000 00:00 0 
7f6cb06fa000-7f6cb07f8000 rw-p 00000000 00:00 0                          [stack:31552]
7f6cb07f8000-7f6cb07fb000 ---p 00000000 00:00 0 
7f6cb07fb000-7f6cb08f9000 rw-p 00000000 00:00 0                          [stack:31551]
7f6cb08f9000-7f6cb08fa000 ---p 00000000 00:00 0 
7f6cb08fa000-7f6cb1000000 rw-p 00000000 00:00 0                          [stack:31550]
7f6cb1000000-7f6cb1700000 rwxp 00000000 00:00 0 
7f6cb1700000-7f6cc0000000 ---p 00000000 00:00 0 
7f6cc0000000-7f6cc2356000 rw-p 00000000 00:00 0 
7f6cc2356000-7f6cc4000000 ---p 00000000 00:00 0 
7f6cc4000000-7f6cc4001000 r--s 00009000 fe:02 4329092                    /home/anton/.gradle/wrapper/dists/gradle-1.11-all/64ty4uo9nid8s14d0pz89kaa3/gradle-1.11/lib/bintray-client-java-impl-0.1.0.jar
7f6cc4001000-7f6cc4002000 r--s 00000000 fe:02 4329091                    /home/anton/.gradle/wrapper/dists/gradle-1.11-all/64ty4uo9nid8s14d0pz89kaa3/gradle-1.11/lib/javax.inject-1.jar
7f6cc4002000-7f6cc4003000 r--s 00001000 fe:02 4329089                    /home/anton/.gradle/wrapper/dists/gradle-1.11-all/64ty4uo9nid8s14d0pz89kaa3/gradle-1.11/lib/jul-to-slf4j-1.7.5.jar
7f6cc4003000-7f6cc4006000 r--s 00018000 fe:02 4329083                    /home/anton/.gradle/wrapper/dists/gradle-1.11-all/64ty4uo9nid8s14d0pz89kaa3/gradle-1.11/lib/commons-io-1.4.jar
7f6cc4006000-7f6cc400b000 r--s 00035000 fe:02 4329080                    /home/anton/.gradle/wrapper/dists/gradle-1.11-all/64ty4uo9nid8s14d0pz89kaa3/gradle-1.11/lib/asm-all-5.0_BETA.jar
7f6cc400b000-7f6cc4029000 r--s 001cb000 fe:02 4329081                    /home/anton/.gradle/wrapper/dists/gradle-1.11-all/64ty4uo9nid8s14d0pz89kaa3/gradle-1.11/lib/ant-1.9.2.jar
7f6cc4029000-7f6cc4058000 r--s 0018e000 fe:02 4329070                    /home/anton/.gradle/wrapper/dists/gradle-1.11-all/64ty4uo9nid8s14d0pz89kaa3/gradle-1.11/lib/gradle-core-1.11.jar
7f6cc4058000-7f6cc4089000 rw-p 00000000 00:00 0 
7f6cc4089000-7f6cc4094000 r--s 00116000 fe:00 276027                     /usr/lib/jvm/java-8-openjdk/jre/lib/ext/localedata.jar
7f6cc4094000-7f6cc40b0000 r--s 00393000 fe:00 276028                     /usr/lib/jvm/java-8-openjdk/jre/lib/ext/cldrdata.jar
7f6cc40b0000-7f6cc4a69000 rw-p 00000000 00:00 0 
7f6cc4a69000-7f6cc4c37000 r--s 03bd2000 fe:00 135936                     /usr/lib/jvm/java-8-openjdk/jre/lib/rt.jar
7f6cc4c37000-7f6cc5691000 rw-p 00000000 00:00 0 
7f6cc5691000-7f6cc5692000 ---p 00000000 00:00 0 
7f6cc5692000-7f6cc5792000 rw-p 00000000 00:00 0                          [stack:31549]
7f6cc5792000-7f6cc5793000 ---p 00000000 00:00 0 
7f6cc5793000-7f6cc5893000 rw-p 00000000 00:00 0                          [stack:31548]
7f6cc5893000-7f6cc5894000 ---p 00000000 00:00 0 
7f6cc5894000-7f6cc5994000 rw-p 00000000 00:00 0                          [stack:31547]
7f6cc5994000-7f6cc5995000 ---p 00000000 00:00 0 
7f6cc5995000-7f6cc5aaa000 rw-p 00000000 00:00 0                          [stack:31546]
7f6cc5aaa000-7f6cc5bd8000 ---p 00000000 00:00 0 
7f6cc5bd8000-7f6cc5bed000 rw-p 00000000 00:00 0 
7f6cc5bed000-7f6cc5d1a000 ---p 00000000 00:00 0 
7f6cc5d1a000-7f6cc5d3d000 rw-p 00000000 00:00 0 
7f6cc5d3d000-7f6cc5dbc000 ---p 00000000 00:00 0 
7f6cc5dbc000-7f6cc5dd9000 rw-p 00000000 00:00 0 
7f6cc5dd9000-7f6cc617d000 ---p 00000000 00:00 0 
7f6cc617d000-7f6cc6185000 r-xp 00000000 fe:00 135974                     /usr/lib/jvm/java-8-openjdk/jre/lib/amd64/libzip.so
7f6cc6185000-7f6cc6384000 ---p 00008000 fe:00 135974                     /usr/lib/jvm/java-8-openjdk/jre/lib/amd64/libzip.so
7f6cc6384000-7f6cc6385000 rw-p 00007000 fe:00 135974                     /usr/lib/jvm/java-8-openjdk/jre/lib/amd64/libzip.so
7f6cc6385000-7f6cc6390000 r-xp 00000000 fe:00 1182812                    /usr/lib/libnss_files-2.21.so
7f6cc6390000-7f6cc6590000 ---p 0000b000 fe:00 1182812                    /usr/lib/libnss_files-2.21.so
7f6cc6590000-7f6cc6591000 r--p 0000b000 fe:00 1182812                    /usr/lib/libnss_files-2.21.so
7f6cc6591000-7f6cc6592000 rw-p 0000c000 fe:00 1182812                    /usr/lib/libnss_files-2.21.so
7f6cc6592000-7f6cc65bf000 r-xp 00000000 fe:00 135973                     /usr/lib/jvm/java-8-openjdk/jre/lib/amd64/libjava.so
7f6cc65bf000-7f6cc67bf000 ---p 0002d000 fe:00 135973                     /usr/lib/jvm/java-8-openjdk/jre/lib/amd64/libjava.so
7f6cc67bf000-7f6cc67c1000 rw-p 0002d000 fe:00 135973                     /usr/lib/jvm/java-8-openjdk/jre/lib/amd64/libjava.so
7f6cc67c1000-7f6cc67ce000 r-xp 00000000 fe:00 135965                     /usr/lib/jvm/java-8-openjdk/jre/lib/amd64/libverify.so
7f6cc67ce000-7f6cc69cd000 ---p 0000d000 fe:00 135965                     /usr/lib/jvm/java-8-openjdk/jre/lib/amd64/libverify.so
7f6cc69cd000-7f6cc69cf000 rw-p 0000c000 fe:00 135965                     /usr/lib/jvm/java-8-openjdk/jre/lib/amd64/libverify.so
7f6cc69cf000-7f6cc69d6000 r-xp 00000000 fe:00 1182844                    /usr/lib/librt-2.21.so
7f6cc69d6000-7f6cc6bd5000 ---p 00007000 fe:00 1182844                    /usr/lib/librt-2.21.so
7f6cc6bd5000-7f6cc6bd6000 r--p 00006000 fe:00 1182844                    /usr/lib/librt-2.21.so
7f6cc6bd6000-7f6cc6bd7000 rw-p 00007000 fe:00 1182844                    /usr/lib/librt-2.21.so
7f6cc6bd7000-7f6cc6cda000 r-xp 00000000 fe:00 1182871                    /usr/lib/libm-2.21.so
7f6cc6cda000-7f6cc6eda000 ---p 00103000 fe:00 1182871                    /usr/lib/libm-2.21.so
7f6cc6eda000-7f6cc6edb000 r--p 00103000 fe:00 1182871                    /usr/lib/libm-2.21.so
7f6cc6edb000-7f6cc6edc000 rw-p 00104000 fe:00 1182871                    /usr/lib/libm-2.21.so
7f6cc6edc000-7f6cc7b7b000 r-xp 00000000 fe:00 276045                     /usr/lib/jvm/java-8-openjdk/jre/lib/amd64/server/libjvm.so
7f6cc7b7b000-7f6cc7d7b000 ---p 00c9f000 fe:00 276045                     /usr/lib/jvm/java-8-openjdk/jre/lib/amd64/server/libjvm.so
7f6cc7d7b000-7f6cc7e47000 rw-p 00c9f000 fe:00 276045                     /usr/lib/jvm/java-8-openjdk/jre/lib/amd64/server/libjvm.so
7f6cc7e47000-7f6cc7e88000 rw-p 00000000 00:00 0 
7f6cc7e88000-7f6cc8021000 r-xp 00000000 fe:00 1182823                    /usr/lib/libc-2.21.so
7f6cc8021000-7f6cc8221000 ---p 00199000 fe:00 1182823                    /usr/lib/libc-2.21.so
7f6cc8221000-7f6cc8225000 r--p 00199000 fe:00 1182823                    /usr/lib/libc-2.21.so
7f6cc8225000-7f6cc8227000 rw-p 0019d000 fe:00 1182823                    /usr/lib/libc-2.21.so
7f6cc8227000-7f6cc822b000 rw-p 00000000 00:00 0 
7f6cc822b000-7f6cc822d000 r-xp 00000000 fe:00 1182853                    /usr/lib/libdl-2.21.so
7f6cc822d000-7f6cc842d000 ---p 00002000 fe:00 1182853                    /usr/lib/libdl-2.21.so
7f6cc842d000-7f6cc842e000 r--p 00002000 fe:00 1182853                    /usr/lib/libdl-2.21.so
7f6cc842e000-7f6cc842f000 rw-p 00003000 fe:00 1182853                    /usr/lib/libdl-2.21.so
7f6cc842f000-7f6cc843c000 r-xp 00000000 fe:00 276042                     /usr/lib/jvm/java-8-openjdk/jre/lib/amd64/jli/libjli.so
7f6cc843c000-7f6cc863c000 ---p 0000d000 fe:00 276042                     /usr/lib/jvm/java-8-openjdk/jre/lib/amd64/jli/libjli.so
7f6cc863c000-7f6cc863d000 rw-p 0000d000 fe:00 276042                     /usr/lib/jvm/java-8-openjdk/jre/lib/amd64/jli/libjli.so
7f6cc863d000-7f6cc8652000 r-xp 00000000 fe:00 1185913                    /usr/lib/libz.so.1.2.8
7f6cc8652000-7f6cc8851000 ---p 00015000 fe:00 1185913                    /usr/lib/libz.so.1.2.8
7f6cc8851000-7f6cc8852000 r--p 00014000 fe:00 1185913                    /usr/lib/libz.so.1.2.8
7f6cc8852000-7f6cc8853000 rw-p 00015000 fe:00 1185913                    /usr/lib/libz.so.1.2.8
7f6cc8853000-7f6cc886b000 r-xp 00000000 fe:00 1182843                    /usr/lib/libpthread-2.21.so
7f6cc886b000-7f6cc8a6a000 ---p 00018000 fe:00 1182843                    /usr/lib/libpthread-2.21.so
7f6cc8a6a000-7f6cc8a6b000 r--p 00017000 fe:00 1182843                    /usr/lib/libpthread-2.21.so
7f6cc8a6b000-7f6cc8a6c000 rw-p 00018000 fe:00 1182843                    /usr/lib/libpthread-2.21.so
7f6cc8a6c000-7f6cc8a70000 rw-p 00000000 00:00 0 
7f6cc8a70000-7f6cc8a92000 r-xp 00000000 fe:00 1182867                    /usr/lib/ld-2.21.so
7f6cc8a92000-7f6cc8a93000 r--s 00000000 fe:02 4329088                    /home/anton/.gradle/wrapper/dists/gradle-1.11-all/64ty4uo9nid8s14d0pz89kaa3/gradle-1.11/lib/jcip-annotations-1.0.jar
7f6cc8a93000-7f6cc8a95000 r--s 00005000 fe:02 4329075                    /home/anton/.gradle/wrapper/dists/gradle-1.11-all/64ty4uo9nid8s14d0pz89kaa3/gradle-1.11/lib/slf4j-api-1.7.5.jar
7f6cc8a95000-7f6cc8a9a000 r--s 00023000 fe:02 4329069                    /home/anton/.gradle/wrapper/dists/gradle-1.11-all/64ty4uo9nid8s14d0pz89kaa3/gradle-1.11/lib/gradle-base-services-1.11.jar
7f6cc8a9a000-7f6cc8b5f000 rw-p 00000000 00:00 0 
7f6cc8b5f000-7f6cc8b62000 ---p 00000000 00:00 0 
7f6cc8b62000-7f6cc8c64000 rw-p 00000000 00:00 0                          [stack:31545]
7f6cc8c64000-7f6cc8c65000 r--s 00004000 fe:02 4329105                    /home/anton/.gradle/wrapper/dists/gradle-1.11-all/64ty4uo9nid8s14d0pz89kaa3/gradle-1.11/lib/ant-launcher-1.9.2.jar
7f6cc8c65000-7f6cc8c6c000 r--s 00036000 fe:02 4329067                    /home/anton/.gradle/wrapper/dists/gradle-1.11-all/64ty4uo9nid8s14d0pz89kaa3/gradle-1.11/lib/gradle-launcher-1.11.jar
7f6cc8c6c000-7f6cc8c71000 r--s 00093000 fe:00 135933                     /usr/lib/jvm/java-8-openjdk/jre/lib/jsse.jar
7f6cc8c71000-7f6cc8c73000 r--s 0000b000 fe:02 3412693                    /home/anton/Code/ITMO/14-15/MT/Calc/gradle/wrapper/gradle-wrapper.jar
7f6cc8c73000-7f6cc8c86000 rw-p 00000000 00:00 0 
7f6cc8c86000-7f6cc8c8e000 rw-s 00000000 00:1e 502373                     /tmp/hsperfdata_anton/31537
7f6cc8c8e000-7f6cc8c8f000 rw-p 00000000 00:00 0 
7f6cc8c8f000-7f6cc8c90000 ---p 00000000 00:00 0 
7f6cc8c90000-7f6cc8c91000 rw-p 00000000 00:00 0 
7f6cc8c91000-7f6cc8c92000 r--p 00021000 fe:00 1182867                    /usr/lib/ld-2.21.so
7f6cc8c92000-7f6cc8c93000 rw-p 00022000 fe:00 1182867                    /usr/lib/ld-2.21.so
7f6cc8c93000-7f6cc8c94000 rw-p 00000000 00:00 0 
7ffd39594000-7ffd395b5000 rw-p 00000000 00:00 0                          [stack]
7ffd395fb000-7ffd395fd000 r--p 00000000 00:00 0                          [vvar]
7ffd395fd000-7ffd395ff000 r-xp 00000000 00:00 0                          [vdso]
ffffffffff600000-ffffffffff601000 r-xp 00000000 00:00 0                  [vsyscall]

VM Arguments:
jvm_args: -Dorg.gradle.appname=gradlew 
java_command: org.gradle.wrapper.GradleWrapperMain build
java_class_path (initial): /home/anton/Code/ITMO/14-15/MT/Calc/gradle/wrapper/gradle-wrapper.jar
Launcher Type: SUN_STANDARD

Environment Variables:
PATH=/usr/local/sbin:/usr/local/bin:/usr/bin:/usr/bin/site_perl:/usr/bin/vendor_perl:/usr/bin/core_perl
SHELL=/bin/zsh
DISPLAY=:0

Signal Handlers:
SIGSEGV: [libjvm.so+0xa8f160], sa_mask[0]=11111111011111111101111111111110, sa_flags=SA_RESTART|SA_SIGINFO
SIGBUS: [libjvm.so+0xa8f160], sa_mask[0]=11111111011111111101111111111110, sa_flags=SA_RESTART|SA_SIGINFO
SIGFPE: [libjvm.so+0x8daa30], sa_mask[0]=11111111011111111101111111111110, sa_flags=SA_RESTART|SA_SIGINFO
SIGPIPE: [libjvm.so+0x8daa30], sa_mask[0]=11111111011111111101111111111110, sa_flags=SA_RESTART|SA_SIGINFO
SIGXFSZ: [libjvm.so+0x8daa30], sa_mask[0]=11111111011111111101111111111110, sa_flags=SA_RESTART|SA_SIGINFO
SIGILL: [libjvm.so+0x8daa30], sa_mask[0]=11111111011111111101111111111110, sa_flags=SA_RESTART|SA_SIGINFO
SIGUSR1: SIG_DFL, sa_mask[0]=00000000000000000000000000000000, sa_flags=none
SIGUSR2: [libjvm.so+0x8da8e0], sa_mask[0]=00000000000000000000000000000000, sa_flags=SA_RESTART|SA_SIGINFO
SIGHUP: [libjvm.so+0x8dab00], sa_mask[0]=11111111011111111101111111111110, sa_flags=SA_RESTART|SA_SIGINFO
SIGINT: [libjvm.so+0x8dab00], sa_mask[0]=11111111011111111101111111111110, sa_flags=SA_RESTART|SA_SIGINFO
SIGTERM: [libjvm.so+0x8dab00], sa_mask[0]=11111111011111111101111111111110, sa_flags=SA_RESTART|SA_SIGINFO
SIGQUIT: [libjvm.so+0x8dab00], sa_mask[0]=11111111011111111101111111111110, sa_flags=SA_RESTART|SA_SIGINFO


---------------  S Y S T E M  ---------------

OS:NAME="Arch Linux"
ID=arch
PRETTY_NAME="Arch Linux"
ANSI_COLOR="0;36"
HOME_URL="https://www.archlinux.org/"
SUPPORT_URL="https://bbs.archlinux.org/"
BUG_REPORT_URL="https://bugs.archlinux.org/"


uname:Linux 3.19.3-3-ARCH #1 SMP PREEMPT Wed Apr 8 14:10:00 CEST 2015 x86_64
libc:glibc 2.21 NPTL 2.21 
rlimit: STACK 8192k, CORE 0k, NPROC 15246, NOFILE 4096, AS infinity
load average:0,50 0,37 0,24

/proc/meminfo:
MemTotal:        3964228 kB
MemFree:          136616 kB
MemAvailable:      74484 kB
Buffers:            1076 kB
Cached:            86656 kB
SwapCached:            0 kB
Active:          3614392 kB
Inactive:          72472 kB
Active(anon):    3612040 kB
Inactive(anon):    63104 kB
Active(file):       2352 kB
Inactive(file):     9368 kB
Unevictable:           0 kB
Mlocked:               0 kB
SwapTotal:             0 kB
SwapFree:              0 kB
Dirty:               868 kB
Writeback:             0 kB
AnonPages:       3599700 kB
Mapped:            33304 kB
Shmem:             75360 kB
Slab:              56400 kB
SReclaimable:      32948 kB
SUnreclaim:        23452 kB
KernelStack:        5792 kB
PageTables:        17236 kB
NFS_Unstable:          0 kB
Bounce:                0 kB
WritebackTmp:          0 kB
CommitLimit:     1982112 kB
Committed_AS:    4423944 kB
VmallocTotal:   34359738367 kB
VmallocUsed:      570848 kB
VmallocChunk:   34359161840 kB
HardwareCorrupted:     0 kB
AnonHugePages:   1787904 kB
HugePages_Total:       0
HugePages_Free:        0
HugePages_Rsvd:        0
HugePages_Surp:        0
Hugepagesize:       2048 kB
DirectMap4k:       99136 kB
DirectMap2M:     2959360 kB
DirectMap1G:     2097152 kB


CPU:total 4 (2 cores per cpu, 2 threads per core) family 6 model 61 stepping 4, cmov, cx8, fxsr, mmx, sse, sse2, sse3, ssse3, sse4.1, sse4.2, popcnt, avx, avx2, aes, clmul, erms, 3dnowpref, lzcnt, ht, tsc, tscinvbit, bmi1, bmi2, adx

/proc/cpuinfo:
processor	: 0
vendor_id	: GenuineIntel
cpu family	: 6
model		: 61
model name	: Intel(R) Core(TM) i5-5200U CPU @ 2.20GHz
stepping	: 4
microcode	: 0x11
cpu MHz		: 2536.960
cache size	: 3072 KB
physical id	: 0
siblings	: 4
core id		: 0
cpu cores	: 2
apicid		: 0
initial apicid	: 0
fpu		: yes
fpu_exception	: yes
cpuid level	: 20
wp		: yes
flags		: fpu vme de pse tsc msr pae mce cx8 apic sep mtrr pge mca cmov pat pse36 clflush dts acpi mmx fxsr sse sse2 ss ht tm pbe syscall nx pdpe1gb rdtscp lm constant_tsc arch_perfmon pebs bts rep_good nopl xtopology nonstop_tsc aperfmperf eagerfpu pni pclmulqdq dtes64 monitor ds_cpl vmx est tm2 ssse3 fma cx16 xtpr pdcm pcid sse4_1 sse4_2 x2apic movbe popcnt tsc_deadline_timer aes xsave avx f16c rdrand lahf_lm abm 3dnowprefetch ida arat epb pln pts dtherm tpr_shadow vnmi flexpriority ept vpid fsgsbase tsc_adjust bmi1 avx2 smep bmi2 erms invpcid rdseed adx smap xsaveopt
bugs		:
bogomips	: 4391.40
clflush size	: 64
cache_alignment	: 64
address sizes	: 39 bits physical, 48 bits virtual
power management:

processor	: 1
vendor_id	: GenuineIntel
cpu family	: 6
model		: 61
model name	: Intel(R) Core(TM) i5-5200U CPU @ 2.20GHz
stepping	: 4
microcode	: 0x11
cpu MHz		: 2500.007
cache size	: 3072 KB
physical id	: 0
siblings	: 4
core id		: 1
cpu cores	: 2
apicid		: 2
initial apicid	: 2
fpu		: yes
fpu_exception	: yes
cpuid level	: 20
wp		: yes
flags		: fpu vme de pse tsc msr pae mce cx8 apic sep mtrr pge mca cmov pat pse36 clflush dts acpi mmx fxsr sse sse2 ss ht tm pbe syscall nx pdpe1gb rdtscp lm constant_tsc arch_perfmon pebs bts rep_good nopl xtopology nonstop_tsc aperfmperf eagerfpu pni pclmulqdq dtes64 monitor ds_cpl vmx est tm2 ssse3 fma cx16 xtpr pdcm pcid sse4_1 sse4_2 x2apic movbe popcnt tsc_deadline_timer aes xsave avx f16c rdrand lahf_lm abm 3dnowprefetch ida arat epb pln pts dtherm tpr_shadow vnmi flexpriority ept vpid fsgsbase tsc_adjust bmi1 avx2 smep bmi2 erms invpcid rdseed adx smap xsaveopt
bugs		:
bogomips	: 4391.40
clflush size	: 64
cache_alignment	: 64
address sizes	: 39 bits physical, 48 bits virtual
power management:

processor	: 2
vendor_id	: GenuineIntel
cpu family	: 6
model		: 61
model name	: Intel(R) Core(TM) i5-5200U CPU @ 2.20GHz
stepping	: 4
microcode	: 0x11
cpu MHz		: 2499.921
cache size	: 3072 KB
physical id	: 0
siblings	: 4
core id		: 0
cpu cores	: 2
apicid		: 1
initial apicid	: 1
fpu		: yes
fpu_exception	: yes
cpuid level	: 20
wp		: yes
flags		: fpu vme de pse tsc msr pae mce cx8 apic sep mtrr pge mca cmov pat pse36 clflush dts acpi mmx fxsr sse sse2 ss ht tm pbe syscall nx pdpe1gb rdtscp lm constant_tsc arch_perfmon pebs bts rep_good nopl xtopology nonstop_tsc aperfmperf eagerfpu pni pclmulqdq dtes64 monitor ds_cpl vmx est tm2 ssse3 fma cx16 xtpr pdcm pcid sse4_1 sse4_2 x2apic movbe popcnt tsc_deadline_timer aes xsave avx f16c rdrand lahf_lm abm 3dnowprefetch ida arat epb pln pts dtherm tpr_shadow vnmi flexpriority ept vpid fsgsbase tsc_adjust bmi1 avx2 smep bmi2 erms invpcid rdseed adx smap xsaveopt
bugs		:
bogomips	: 4391.40
clflush size	: 64
cache_alignment	: 64
address sizes	: 39 bits physical, 48 bits virtual
power management:

processor	: 3
vendor_id	: GenuineIntel
cpu family	: 6
model		: 61
model name	: Intel(R) Core(TM) i5-5200U CPU @ 2.20GHz
stepping	: 4
microcode	: 0x11
cpu MHz		: 2499.921
cache size	: 3072 KB
physical id	: 0
siblings	: 4
core id		: 1
cpu cores	: 2
apicid		: 3
initial apicid	: 3
fpu		: yes
fpu_exception	: yes
cpuid level	: 20
wp		: yes
flags		: fpu vme de pse tsc msr pae mce cx8 apic sep mtrr pge mca cmov pat pse36 clflush dts acpi mmx fxsr sse sse2 ss ht tm pbe syscall nx pdpe1gb rdtscp lm constant_tsc arch_perfmon pebs bts rep_good nopl xtopology nonstop_tsc aperfmperf eagerfpu pni pclmulqdq dtes64 monitor ds_cpl vmx est tm2 ssse3 fma cx16 xtpr pdcm pcid sse4_1 sse4_2 x2apic movbe popcnt tsc_deadline_timer aes xsave avx f16c rdrand lahf_lm abm 3dnowprefetch ida arat epb pln pts dtherm tpr_shadow vnmi flexpriority ept vpid fsgsbase tsc_adjust bmi1 avx2 smep bmi2 erms invpcid rdseed adx smap xsaveopt
bugs		:
bogomips	: 4391.40
clflush size	: 64
cache_alignment	: 64
address sizes	: 39 bits physical, 48 bits virtual
power management:



Memory: 4k page, physical 3964228k(136120k free), swap 0k(0k free)

vm_info: OpenJDK 64-Bit Server VM (25.40-b23) for linux-amd64 JRE (1.8.0_40-b20), built on Mar 15 2015 09:37:38 by "builduser" with gcc 4.9.2 20150304 (prerelease)

time: Sun Apr 12 16:50:32 2015
elapsed time: 2 seconds (0d 0h 0m 2s)

